#
# There is insufficient memory for the Java Runtime Environment to continue.
# Native memory allocation (mmap) failed to map 264241152 bytes. Error detail: G1 virtual space
# Possible reasons:
#   The system is out of physical RAM or swap space
#   This process is running with CompressedOops enabled, and the Java Heap may be blocking the growth of the native heap
# Possible solutions:
#   Reduce memory load on the system
#   Increase physical memory or swap space
#   Check if swap backing store is full
#   Decrease Java heap size (-Xmx/-Xms)
#   Decrease number of Java threads
#   Decrease Java thread stack sizes (-Xss)
#   Set larger code cache with -XX:ReservedCodeCacheSize=
#   JVM is running with Zero Based Compressed Oops mode in which the Java heap is
#     placed in the first 32GB address space. The Java Heap base address is the
#     maximum limit for the native heap growth. Please use -XX:HeapBaseMinAddress
#     to set the Java Heap base and to place the Java Heap above 32GB virtual address.
# This output file may be truncated or incomplete.
#
#  Out of Memory Error (os_windows.cpp:3898), pid=19176, tid=20936
#
# JRE version:  (21.0.6) (build )
# Java VM: OpenJDK 64-Bit Server VM (21.0.6+-13391695-b895.109, mixed mode, sharing, tiered, compressed oops, compressed class ptrs, g1 gc, windows-amd64)
# No core dump will be written. Minidumps are not enabled by default on client versions of Windows
#

---------------  S U M M A R Y ------------

Command Line: org.jetbrains.kotlin.cli.jvm.K2JVMCompiler @C:\Users\Siffat Ahmed\Downloads\KotlinProject\KotlinProject\composeApp\build\20250716_13603300010188796966.compiler.options

Host: 12th Gen Intel(R) Core(TM) i5-1235U, 12 cores, 15G,  Windows 11 , 64 bit Build 26100 (10.0.26100.4484)
Time: Wed Jul 16 21:59:21 2025 Pakistan Standard Time elapsed time: 0.008072 seconds (0d 0h 0m 0s)

---------------  T H R E A D  ---------------

Current thread (0x000001b47a729640):  JavaThread "Unknown thread" [_thread_in_vm, id=20936, stack(0x0000000877100000,0x0000000877200000) (1024K)]

Stack: [0x0000000877100000,0x0000000877200000]
Native frames: (J=compiled Java code, j=interpreted, Vv=VM code, C=native code)
V  [jvm.dll+0x6d0639]
V  [jvm.dll+0x85eb03]
V  [jvm.dll+0x86105e]
V  [jvm.dll+0x861743]
V  [jvm.dll+0x27e6e6]
V  [jvm.dll+0x6ccfd5]
V  [jvm.dll+0x6c0a8a]
V  [jvm.dll+0x35537b]
V  [jvm.dll+0x35cfd6]
V  [jvm.dll+0x3aef86]
V  [jvm.dll+0x3af258]
V  [jvm.dll+0x327a2c]
V  [jvm.dll+0x32871b]
V  [jvm.dll+0x826549]
V  [jvm.dll+0x3bc158]
V  [jvm.dll+0x80f7f8]
V  [jvm.dll+0x45035e]
V  [jvm.dll+0x451ac1]
C  [jli.dll+0x52ab]
C  [ucrtbase.dll+0x37b0]
C  [KERNEL32.DLL+0x2e8d7]
C  [ntdll.dll+0x3c34c]


---------------  P R O C E S S  ---------------

Threads class SMR info:
_java_thread_list=0x00007ff916a91848, length=0, elements={
}

Java Threads: ( => current thread )
Total: 0

Other Threads:
  0x000001b47a78f2e0 WorkerThread "GC Thread#0"                     [id=2900, stack(0x0000000877200000,0x0000000877300000) (1024K)]
  0x000001b47a7a0c00 ConcurrentGCThread "G1 Main Marker"            [id=2016, stack(0x0000000877300000,0x0000000877400000) (1024K)]
  0x000001b47a7a1710 WorkerThread "G1 Conc#0"                       [id=20756, stack(0x0000000877400000,0x0000000877500000) (1024K)]

[error occurred during error reporting (printing all threads), id 0xc0000005, EXCEPTION_ACCESS_VIOLATION (0xc0000005) at pc=0x00007ff91628aa87]
VM state: not at safepoint (not fully initialized)

VM Mutex/Monitor currently owned by a thread:  ([mutex/lock_event])
[0x00007ff916afe4a0] Heap_lock - owner thread: 0x000001b47a729640

Heap address: 0x0000000705000000, size: 4016 MB, Compressed Oops mode: Zero based, Oop shift amount: 3

CDS archive(s) mapped at: [0x0000000000000000-0x0000000000000000-0x0000000000000000), size 0, SharedBaseAddress: 0x0000000800000000, ArchiveRelocationMode: 1.
Narrow klass base: 0x0000000000000000, Narrow klass shift: 0, Narrow klass range: 0x0

GC Precious Log:
 CardTable entry size: 512
 Card Set container configuration: InlinePtr #cards 4 size 8 Array Of Cards #cards 16 size 48 Howl #buckets 8 coarsen threshold 3686 Howl Bitmap #cards 512 size 80 coarsen threshold 460 Card regions per heap region 1 cards per card region 4096

Heap:
 garbage-first heap   total 0K, used 0K [0x0000000705000000, 0x0000000800000000)
  region size 2048K, 0 young (0K), 0 survivors (0K)
 Metaspace       used 0K, committed 0K, reserved 0K
  class space    used 0K, committed 0K, reserved 0K

Heap Regions: E=young(eden), S=young(survivor), O=old, HS=humongous(starts), HC=humongous(continues), CS=collection set, F=free, TAMS=top-at-mark-start, PB=parsable bottom

Card table byte_map: [0x000001b47e5e0000,0x000001b47edc0000] _byte_map_base: 0x000001b47adb8000

Marking Bits: (CMBitMap*) 0x000001b47a78f9e0
 Bits: [0x000001b40f000000, 0x000001b412ec0000)

GC Heap History (0 events):
No events

Dll operation events (1 events):
Event: 0.005 Loaded shared library C:\Program Files\Android\Android Studio\jbr\bin\java.dll

Deoptimization events (0 events):
No events

Classes loaded (0 events):
No events

Classes unloaded (0 events):
No events

Classes redefined (0 events):
No events

Internal exceptions (0 events):
No events

ZGC Phase Switch (0 events):
No events

VM Operations (0 events):
No events

Memory protections (0 events):
No events

Nmethod flushes (0 events):
No events

Events (0 events):
No events


Dynamic libraries:
0x00007ff692de0000 - 0x00007ff692dea000 	C:\Program Files\Android\Android Studio\jbr\bin\java.exe
0x00007ff9cf320000 - 0x00007ff9cf588000 	C:\WINDOWS\SYSTEM32\ntdll.dll
0x00007ff9ce5b0000 - 0x00007ff9ce679000 	C:\WINDOWS\System32\KERNEL32.DLL
0x00007ff9ccab0000 - 0x00007ff9cce9d000 	C:\WINDOWS\System32\KERNELBASE.dll
0x00007ff9cc5c0000 - 0x00007ff9cc70b000 	C:\WINDOWS\System32\ucrtbase.dll
0x00007ff9b6b40000 - 0x00007ff9b6b5b000 	C:\Program Files\Android\Android Studio\jbr\bin\VCRUNTIME140.dll
0x00007ff9b1a80000 - 0x00007ff9b1a98000 	C:\Program Files\Android\Android Studio\jbr\bin\jli.dll
0x00007ff9cd920000 - 0x00007ff9cdaec000 	C:\WINDOWS\System32\USER32.dll
0x00007ff9b0850000 - 0x00007ff9b0aea000 	C:\WINDOWS\WinSxS\amd64_microsoft.windows.common-controls_6595b64144ccf1df_6.0.26100.4484_none_3e0e6d4ce32ef3b3\COMCTL32.dll
0x00007ff9cd340000 - 0x00007ff9cd3e9000 	C:\WINDOWS\System32\msvcrt.dll
0x00007ff9cc4d0000 - 0x00007ff9cc4f7000 	C:\WINDOWS\System32\win32u.dll
0x00007ff9cdd60000 - 0x00007ff9cdd8b000 	C:\WINDOWS\System32\GDI32.dll
0x00007ff9ccf50000 - 0x00007ff9cd087000 	C:\WINDOWS\System32\gdi32full.dll
0x00007ff9ccea0000 - 0x00007ff9ccf43000 	C:\WINDOWS\System32\msvcp_win.dll
0x00007ff9ce890000 - 0x00007ff9ce8bf000 	C:\WINDOWS\System32\IMM32.DLL
0x00007ff9bd070000 - 0x00007ff9bd07c000 	C:\Program Files\Android\Android Studio\jbr\bin\vcruntime140_1.dll
0x00007ff99b3e0000 - 0x00007ff99b46d000 	C:\Program Files\Android\Android Studio\jbr\bin\msvcp140.dll
0x00007ff915f50000 - 0x00007ff916bdb000 	C:\Program Files\Android\Android Studio\jbr\bin\server\jvm.dll
0x00007ff9cd210000 - 0x00007ff9cd2c4000 	C:\WINDOWS\System32\ADVAPI32.dll
0x00007ff9cd870000 - 0x00007ff9cd916000 	C:\WINDOWS\System32\sechost.dll
0x00007ff9cd5a0000 - 0x00007ff9cd6b8000 	C:\WINDOWS\System32\RPCRT4.dll
0x00007ff9ce7f0000 - 0x00007ff9ce864000 	C:\WINDOWS\System32\WS2_32.dll
0x00007ff9cc290000 - 0x00007ff9cc2ee000 	C:\WINDOWS\SYSTEM32\POWRPROF.dll
0x00007ff9c9b40000 - 0x00007ff9c9b75000 	C:\WINDOWS\SYSTEM32\WINMM.dll
0x00007ff9b74d0000 - 0x00007ff9b74db000 	C:\WINDOWS\SYSTEM32\VERSION.dll
0x00007ff9cc270000 - 0x00007ff9cc284000 	C:\WINDOWS\SYSTEM32\UMPDC.dll
0x00007ff9cb110000 - 0x00007ff9cb12b000 	C:\WINDOWS\SYSTEM32\kernel.appcore.dll
0x00007ff9b9d30000 - 0x00007ff9b9d3a000 	C:\Program Files\Android\Android Studio\jbr\bin\jimage.dll
0x00007ff9c98d0000 - 0x00007ff9c9b11000 	C:\WINDOWS\SYSTEM32\DBGHELP.DLL
0x00007ff9cdd90000 - 0x00007ff9ce116000 	C:\WINDOWS\System32\combase.dll
0x00007ff9ce680000 - 0x00007ff9ce760000 	C:\WINDOWS\System32\OLEAUT32.dll
0x00007ff9c9880000 - 0x00007ff9c98c3000 	C:\WINDOWS\SYSTEM32\dbgcore.DLL
0x00007ff9cc710000 - 0x00007ff9cc7a9000 	C:\WINDOWS\System32\bcryptPrimitives.dll
0x00007ff9b6b20000 - 0x00007ff9b6b40000 	C:\Program Files\Android\Android Studio\jbr\bin\java.dll

dbghelp: loaded successfully - version: 4.0.5 - missing functions: none
symbol engine: initialized successfully - sym options: 0x614 - pdb path: .;C:\Program Files\Android\Android Studio\jbr\bin;C:\WINDOWS\SYSTEM32;C:\WINDOWS\WinSxS\amd64_microsoft.windows.common-controls_6595b64144ccf1df_6.0.26100.4484_none_3e0e6d4ce32ef3b3;C:\Program Files\Android\Android Studio\jbr\bin\server

VM Arguments:
java_command: org.jetbrains.kotlin.cli.jvm.K2JVMCompiler @C:\Users\Siffat Ahmed\Downloads\KotlinProject\KotlinProject\composeApp\build\20250716_13603300010188796966.compiler.options
java_class_path (initial): C:\Users\Siffat Ahmed\.gradle\caches\modules-2\files-2.1\org.jetbrains.kotlin\kotlin-compiler-embeddable\2.2.0\8cfa2b049a4006d94474296df4abd9b50f288821\kotlin-compiler-embeddable-2.2.0.jar;C:\Users\Siffat Ahmed\.gradle\caches\modules-2\files-2.1\org.jetbrains.kotlin\kotlin-stdlib\2.2.0\fdfc65fbc42fda253a26f61dac3c0aca335fae96\kotlin-stdlib-2.2.0.jar;C:\Users\Siffat Ahmed\.gradle\caches\modules-2\files-2.1\org.jetbrains.kotlin\kotlin-script-runtime\2.2.0\87c92e866fcd68680966a3005a2992e1ab8ec6ad\kotlin-script-runtime-2.2.0.jar;C:\Users\Siffat Ahmed\.gradle\caches\modules-2\files-2.1\org.jetbrains.kotlin\kotlin-reflect\1.6.10\1cbe9c92c12a94eea200d23c2bbaedaf3daf5132\kotlin-reflect-1.6.10.jar;C:\Users\Siffat Ahmed\.gradle\caches\modules-2\files-2.1\org.jetbrains.kotlin\kotlin-daemon-embeddable\2.2.0\58d92195dcdb0e33a63d3ae0eaa7efe42851e735\kotlin-daemon-embeddable-2.2.0.jar;C:\Users\Siffat Ahmed\.gradle\caches\modules-2\files-2.1\org.jetbrains.kotlinx\kotlinx-coroutines-core-jvm\1.8.0\ac1dc37a30a93150b704022f8d895ee1bd3a36b3\kotlinx-coroutines-core-jvm-1.8.0.jar;C:\Users\Siffat Ahmed\.gradle\caches\modules-2\files-2.1\org.jetbrains\annotations\13.0\919f0dfe192fb4e063e7dacadee7f8bb9a2672a9\annotations-13.0.jar
Launcher Type: SUN_STANDARD

[Global flags]
     intx CICompilerCount                          = 4                                         {product} {ergonomic}
     uint ConcGCThreads                            = 3                                         {product} {ergonomic}
     uint G1ConcRefinementThreads                  = 10                                        {product} {ergonomic}
   size_t G1HeapRegionSize                         = 2097152                                   {product} {ergonomic}
    uintx GCDrainStackTargetSize                   = 64                                        {product} {ergonomic}
   size_t InitialHeapSize                          = 264241152                                 {product} {ergonomic}
   size_t MarkStackSize                            = 4194304                                   {product} {ergonomic}
   size_t MaxHeapSize                              = 4211081216                                {product} {ergonomic}
   size_t MinHeapDeltaBytes                        = 2097152                                   {product} {ergonomic}
   size_t MinHeapSize                              = 8388608                                   {product} {ergonomic}
    uintx NonNMethodCodeHeapSize                   = 5839372                                {pd product} {ergonomic}
    uintx NonProfiledCodeHeapSize                  = 122909434                              {pd product} {ergonomic}
    uintx ProfiledCodeHeapSize                     = 122909434                              {pd product} {ergonomic}
    uintx ReservedCodeCacheSize                    = 251658240                              {pd product} {ergonomic}
     bool SegmentedCodeCache                       = true                                      {product} {ergonomic}
   size_t SoftMaxHeapSize                          = 4211081216                             {manageable} {ergonomic}
     bool UseCompressedOops                        = true                           {product lp64_product} {ergonomic}
     bool UseG1GC                                  = true                                      {product} {ergonomic}
     bool UseLargePagesIndividualAllocation        = false                                  {pd product} {ergonomic}

Logging:
Log output configuration:
 #0: stdout all=warning uptime,level,tags foldmultilines=false
 #1: stderr all=off uptime,level,tags foldmultilines=false

Environment Variables:
JAVA_HOME=C:\Program Files\Java\jdk-16.0.1
PATH=C:\Program Files\Microsoft\jdk-11.0.16.101-hotspot\bin;C:\Program Files\Common Files\Oracle\Java\javapath;C:\WINDOWS\system32;C:\WINDOWS;C:\WINDOWS\System32\Wbem;C:\WINDOWS\System32\WindowsPowerShell\v1.0\;C:\WINDOWS\System32\OpenSSH\;C:\ProgramData\chocolatey\bin;C:\Program Files\nodejs\;C:\Program Files (x86)\Windows Kits\10\Windows Performance Toolkit\;C:\Program Files\Microsoft SQL Server\150\Tools\Binn\;C:\Program Files\dotnet\;C:\Program Files\Git\cmd;C:\Users\Siffat Ahmed\AppData\Local\Programs\Python\Python312\Scripts\;C:\Users\Siffat Ahmed\AppData\Local\Programs\Python\Python312\;C:\Program Files\MySQL\MySQL Shell 8.0\bin\;C:\Users\Siffat Ahmed\AppData\Local\Microsoft\WindowsApps;C:\Users\Siffat Ahmed\Coding\flutter_windows_3.24.4-stable\flutter\bin;C:\Users\Siffat Ahmed\AppData\Local\Programs\Microsoft VS Code\bin;C:\Program Files\Java\jdk-16.0.1\bin;C:\Users\Siffat Ahmed\AppData\Local\Pub\Cache\bin;C:\Users\Siffat Ahmed\AppData\Roaming\npm;C:\Users\Siffat Ahmed\AppData\Local\Android\Sdk\platform-tools;C:\Program Files\OpenSSL-Win64\bin;C:\Users\Siffat Ahmed\.dotnet\tools;
USERNAME=Siffat Ahmed
OS=Windows_NT
PROCESSOR_IDENTIFIER=Intel64 Family 6 Model 154 Stepping 4, GenuineIntel
TMP=C:\Users\SIFFAT~1\AppData\Local\Temp
TEMP=C:\Users\SIFFAT~1\AppData\Local\Temp




Periodic native trim disabled

JNI global refs:
JNI global refs: 0, weak refs: 0

JNI global refs memory usage: 0, weak refs: 0

Process memory usage:
Resident Set Size: 12972K (0% of 16445084K total physical memory with 1136572K free physical memory)

OOME stack traces (most recent first):
Classloader memory used:

---------------  S Y S T E M  ---------------

OS:
 Windows 11 , 64 bit Build 26100 (10.0.26100.4484)
OS uptime: 0 days 19:44 hours
Hyper-V role detected

CPU: total 12 (initial active 12) (6 cores per cpu, 2 threads per core) family 6 model 154 stepping 4 microcode 0x42c, cx8, cmov, fxsr, ht, mmx, 3dnowpref, sse, sse2, sse3, ssse3, sse4.1, sse4.2, popcnt, lzcnt, tsc, tscinvbit, avx, avx2, aes, erms, clmul, bmi1, bmi2, adx, sha, fma, vzeroupper, clflush, clflushopt, clwb, hv, serialize, rdtscp, rdpid, fsrm, f16c, cet_ibt, cet_ss
Processor Information for processor 0
  Max Mhz: 1300, Current Mhz: 1300, Mhz Limit: 1300
Processor Information for processor 1
  Max Mhz: 1300, Current Mhz: 1300, Mhz Limit: 1300
Processor Information for processor 2
  Max Mhz: 1300, Current Mhz: 1300, Mhz Limit: 1300
Processor Information for processor 3
  Max Mhz: 1300, Current Mhz: 1300, Mhz Limit: 1300
Processor Information for processor 4
  Max Mhz: 1300, Current Mhz: 900, Mhz Limit: 897
Processor Information for processor 5
  Max Mhz: 1300, Current Mhz: 900, Mhz Limit: 897
Processor Information for processor 6
  Max Mhz: 1300, Current Mhz: 900, Mhz Limit: 897
Processor Information for processor 7
  Max Mhz: 1300, Current Mhz: 900, Mhz Limit: 897
Processor Information for processor 8
  Max Mhz: 1300, Current Mhz: 900, Mhz Limit: 897
Processor Information for processor 9
  Max Mhz: 1300, Current Mhz: 900, Mhz Limit: 897
Processor Information for processor 10
  Max Mhz: 1300, Current Mhz: 900, Mhz Limit: 897
Processor Information for processor 11
  Max Mhz: 1300, Current Mhz: 900, Mhz Limit: 897

Memory: 4k page, system-wide physical 16059M (1109M free)
TotalPageFile size 24358M (AvailPageFile size 209M)
current process WorkingSet (physical memory assigned to process): 12M, peak: 12M
current process commit charge ("private bytes"): 64M, peak: 316M

vm_info: OpenJDK 64-Bit Server VM (21.0.6+-13391695-b895.109) for windows-amd64 JRE (21.0.6+-13391695-b895.109), built on 2025-04-22T21:19:17Z by "builder" with MS VC++ 16.10 / 16.11 (VS2019)

END.
