#
# There is insufficient memory for the Java Runtime Environment to continue.
# Native memory allocation (mmap) failed to map 65536 bytes. Error detail: Failed to commit metaspace.
# Possible reasons:
#   The system is out of physical RAM or swap space
#   This process is running with CompressedOops enabled, and the Java Heap may be blocking the growth of the native heap
# Possible solutions:
#   Reduce memory load on the system
#   Increase physical memory or swap space
#   Check if swap backing store is full
#   Decrease Java heap size (-Xmx/-Xms)
#   Decrease number of Java threads
#   Decrease Java thread stack sizes (-Xss)
#   Set larger code cache with -XX:ReservedCodeCacheSize=
#   JVM is running with Zero Based Compressed Oops mode in which the Java heap is
#     placed in the first 32GB address space. The Java Heap base address is the
#     maximum limit for the native heap growth. Please use -XX:HeapBaseMinAddress
#     to set the Java Heap base and to place the Java Heap above 32GB virtual address.
# This output file may be truncated or incomplete.
#
#  Out of Memory Error (virtualSpaceNode.cpp:113), pid=21016, tid=12524
#
# JRE version: OpenJDK Runtime Environment (21.0.6) (build 21.0.6+-13391695-b895.109)
# Java VM: OpenJDK 64-Bit Server VM (21.0.6+-13391695-b895.109, mixed mode, tiered, compressed oops, compressed class ptrs, g1 gc, windows-amd64)
# No core dump will be written. Minidumps are not enabled by default on client versions of Windows
#

---------------  S U M M A R Y ------------

Command Line: org.jetbrains.kotlin.cli.jvm.K2JVMCompiler @C:\Users\Siffat Ahmed\Downloads\KotlinProject\KotlinProject\composeApp\build\20250716_13372960129445988851.compiler.options

Host: 12th Gen Intel(R) Core(TM) i5-1235U, 12 cores, 15G,  Windows 11 , 64 bit Build 26100 (10.0.26100.4484)
Time: Wed Jul 16 21:47:43 2025 Pakistan Standard Time elapsed time: 0.523651 seconds (0d 0h 0m 0s)

---------------  T H R E A D  ---------------

Current thread (0x000001f3d1c23070):  JavaThread "main"             [_thread_in_vm, id=12524, stack(0x0000004659500000,0x0000004659600000) (1024K)]

Stack: [0x0000004659500000,0x0000004659600000]
Native frames: (J=compiled Java code, j=interpreted, Vv=VM code, C=native code)
V  [jvm.dll+0x6d0639]
V  [jvm.dll+0x85eb03]
V  [jvm.dll+0x86105e]
V  [jvm.dll+0x861743]
V  [jvm.dll+0x27e6e6]
V  [jvm.dll+0x8599de]
V  [jvm.dll+0x674055]
V  [jvm.dll+0x1e3131]
V  [jvm.dll+0x1e2efe]
V  [jvm.dll+0x6769a8]
V  [jvm.dll+0x6767e2]
V  [jvm.dll+0x674a4e]
V  [jvm.dll+0x269f41]
V  [jvm.dll+0x214f8c]
V  [jvm.dll+0x215415]
V  [jvm.dll+0x215df6]
V  [jvm.dll+0x20ae49]
V  [jvm.dll+0x5b1ff3]
V  [jvm.dll+0x7d6ac0]
V  [jvm.dll+0x7d6bee]
V  [jvm.dll+0x46eddd]
V  [jvm.dll+0x474728]
C  [java.dll+0x17ec]

Java frames: (J=compiled Java code, j=interpreted, Vv=VM code)
J 301  java.lang.ClassLoader.defineClass1(Ljava/lang/ClassLoader;Ljava/lang/String;[BIILjava/security/ProtectionDomain;Ljava/lang/String;)Ljava/lang/Class; java.base@21.0.6 (0 bytes) @ 0x000001f3dec19391 [0x000001f3dec192c0+0x00000000000000d1]
J 803 c1 java.lang.ClassLoader.defineClass(Ljava/lang/String;[BIILjava/security/ProtectionDomain;)Ljava/lang/Class; java.base@21.0.6 (43 bytes) @ 0x000001f3d72844fc [0x000001f3d72841a0+0x000000000000035c]
J 741 c1 java.security.SecureClassLoader.defineClass(Ljava/lang/String;[BIILjava/security/CodeSource;)Ljava/lang/Class; java.base@21.0.6 (16 bytes) @ 0x000001f3d7263e9c [0x000001f3d7263dc0+0x00000000000000dc]
J 685 c1 jdk.internal.loader.BuiltinClassLoader.defineClass(Ljava/lang/String;Ljdk/internal/loader/Resource;)Ljava/lang/Class; java.base@21.0.6 (121 bytes) @ 0x000001f3d723f4cc [0x000001f3d723e200+0x00000000000012cc]
J 565 c1 jdk.internal.loader.BuiltinClassLoader.findClassOnClassPathOrNull(Ljava/lang/String;)Ljava/lang/Class; java.base@21.0.6 (64 bytes) @ 0x000001f3d71f947c [0x000001f3d71f87a0+0x0000000000000cdc]
J 262 c1 jdk.internal.loader.BuiltinClassLoader.loadClassOrNull(Ljava/lang/String;Z)Ljava/lang/Class; java.base@21.0.6 (143 bytes) @ 0x000001f3d718098c [0x000001f3d717ff60+0x0000000000000a2c]
J 410 c1 jdk.internal.loader.ClassLoaders$AppClassLoader.loadClass(Ljava/lang/String;Z)Ljava/lang/Class; java.base@21.0.6 (40 bytes) @ 0x000001f3d71c0664 [0x000001f3d71c0480+0x00000000000001e4]
J 409 c1 java.lang.ClassLoader.loadClass(Ljava/lang/String;)Ljava/lang/Class; java.base@21.0.6 (7 bytes) @ 0x000001f3d71b9b54 [0x000001f3d71b9a40+0x0000000000000114]
v  ~StubRoutines::call_stub 0x000001f3de66100d
j  org.jetbrains.kotlin.com.intellij.core.CoreApplicationEnvironment.<init>(Lorg/jetbrains/kotlin/com/intellij/openapi/Disposable;Z)V+242
j  org.jetbrains.kotlin.com.intellij.core.JavaCoreApplicationEnvironment.<init>(Lorg/jetbrains/kotlin/com/intellij/openapi/Disposable;Z)V+11
j  org.jetbrains.kotlin.cli.jvm.compiler.KotlinCoreApplicationEnvironment.<init>(Lorg/jetbrains/kotlin/com/intellij/openapi/Disposable;Lorg/jetbrains/kotlin/cli/jvm/compiler/KotlinCoreApplicationEnvironmentMode;)V+9
j  org.jetbrains.kotlin.cli.jvm.compiler.KotlinCoreApplicationEnvironment.<init>(Lorg/jetbrains/kotlin/com/intellij/openapi/Disposable;Lorg/jetbrains/kotlin/cli/jvm/compiler/KotlinCoreApplicationEnvironmentMode;Lkotlin/jvm/internal/DefaultConstructorMarker;)V+3
j  org.jetbrains.kotlin.cli.jvm.compiler.KotlinCoreApplicationEnvironment$Companion.create(Lorg/jetbrains/kotlin/com/intellij/openapi/Disposable;Lorg/jetbrains/kotlin/cli/jvm/compiler/KotlinCoreApplicationEnvironmentMode;)Lorg/jetbrains/kotlin/cli/jvm/compiler/KotlinCoreApplicationEnvironment;+19
j  org.jetbrains.kotlin.cli.jvm.compiler.KotlinCoreEnvironment$Companion.createApplicationEnvironment(Lorg/jetbrains/kotlin/com/intellij/openapi/Disposable;Lorg/jetbrains/kotlin/config/CompilerConfiguration;Lorg/jetbrains/kotlin/cli/jvm/compiler/KotlinCoreApplicationEnvironmentMode;)Lorg/jetbrains/kotlin/cli/jvm/compiler/KotlinCoreApplicationEnvironment;+5
j  org.jetbrains.kotlin.cli.jvm.compiler.KotlinCoreEnvironment$Companion.getOrCreateApplicationEnvironment(Lorg/jetbrains/kotlin/com/intellij/openapi/Disposable;Lorg/jetbrains/kotlin/config/CompilerConfiguration;Lorg/jetbrains/kotlin/cli/jvm/compiler/KotlinCoreApplicationEnvironmentMode;)Lorg/jetbrains/kotlin/cli/jvm/compiler/KotlinCoreApplicationEnvironment;+66
j  org.jetbrains.kotlin.cli.jvm.compiler.KotlinCoreEnvironment$Companion.getOrCreateApplicationEnvironment(Lorg/jetbrains/kotlin/com/intellij/openapi/Disposable;Lorg/jetbrains/kotlin/config/CompilerConfiguration;)Lorg/jetbrains/kotlin/cli/jvm/compiler/KotlinCoreApplicationEnvironment;+62
j  org.jetbrains.kotlin.cli.jvm.compiler.legacy.pipeline.JvmCompilerPipelineKt.createProjectEnvironment(Lorg/jetbrains/kotlin/config/CompilerConfiguration;Lorg/jetbrains/kotlin/com/intellij/openapi/Disposable;Lorg/jetbrains/kotlin/cli/jvm/compiler/EnvironmentConfigFiles;Lorg/jetbrains/kotlin/cli/common/messages/MessageCollector;)Lorg/jetbrains/kotlin/cli/jvm/compiler/VfsBasedProjectEnvironment;+35
j  org.jetbrains.kotlin.cli.pipeline.jvm.JvmFrontendPipelinePhase.createEnvironmentAndSources(Lorg/jetbrains/kotlin/config/CompilerConfiguration;Lorg/jetbrains/kotlin/com/intellij/openapi/Disposable;Ljava/lang/String;Lorg/jetbrains/kotlin/diagnostics/impl/BaseDiagnosticsCollector;)Lorg/jetbrains/kotlin/cli/pipeline/jvm/JvmFrontendPipelinePhase$EnvironmentAndSources;+25
j  org.jetbrains.kotlin.cli.pipeline.jvm.JvmFrontendPipelinePhase.executePhase(Lorg/jetbrains/kotlin/cli/pipeline/ConfigurationPipelineArtifact;)Lorg/jetbrains/kotlin/cli/pipeline/jvm/JvmFrontendPipelineArtifact;+101
j  org.jetbrains.kotlin.cli.pipeline.jvm.JvmFrontendPipelinePhase.executePhase(Lorg/jetbrains/kotlin/cli/pipeline/PipelineArtifact;)Lorg/jetbrains/kotlin/cli/pipeline/PipelineArtifact;+5
j  org.jetbrains.kotlin.cli.pipeline.PipelinePhase.phaseBody(Lorg/jetbrains/kotlin/cli/pipeline/PipelineContext;Lorg/jetbrains/kotlin/cli/pipeline/PipelineArtifact;)Lorg/jetbrains/kotlin/cli/pipeline/PipelineArtifact;+14
j  org.jetbrains.kotlin.cli.pipeline.PipelinePhase.phaseBody(Lorg/jetbrains/kotlin/config/LoggingContext;Ljava/lang/Object;)Ljava/lang/Object;+9
j  org.jetbrains.kotlin.config.phaser.NamedCompilerPhase.invoke(Lorg/jetbrains/kotlin/config/phaser/PhaseConfig;Lorg/jetbrains/kotlin/config/phaser/PhaserState;Lorg/jetbrains/kotlin/config/LoggingContext;Ljava/lang/Object;)Ljava/lang/Object;+304
j  org.jetbrains.kotlin.backend.common.phaser.CompositePhase.invoke(Lorg/jetbrains/kotlin/config/phaser/PhaseConfig;Lorg/jetbrains/kotlin/config/phaser/PhaserState;Lorg/jetbrains/kotlin/config/LoggingContext;Ljava/lang/Object;)Ljava/lang/Object;+87
j  org.jetbrains.kotlin.config.phaser.CompilerPhaseKt.invokeToplevel(Lorg/jetbrains/kotlin/config/phaser/CompilerPhase;Lorg/jetbrains/kotlin/config/phaser/PhaseConfig;Lorg/jetbrains/kotlin/config/LoggingContext;Ljava/lang/Object;)Ljava/lang/Object;+35
j  org.jetbrains.kotlin.cli.pipeline.AbstractCliPipeline.runPhasedPipeline(Lorg/jetbrains/kotlin/cli/pipeline/ArgumentsPipelineArtifact;)Lorg/jetbrains/kotlin/cli/common/ExitCode;+79
j  org.jetbrains.kotlin.cli.pipeline.AbstractCliPipeline.execute(Lorg/jetbrains/kotlin/cli/common/arguments/CommonCompilerArguments;Lorg/jetbrains/kotlin/config/Services;Lorg/jetbrains/kotlin/cli/common/messages/MessageCollector;)Lorg/jetbrains/kotlin/cli/common/ExitCode;+169
j  org.jetbrains.kotlin.cli.jvm.K2JVMCompiler.doExecutePhased(Lorg/jetbrains/kotlin/cli/common/arguments/K2JVMCompilerArguments;Lorg/jetbrains/kotlin/config/Services;Lorg/jetbrains/kotlin/cli/common/messages/MessageCollector;)Lorg/jetbrains/kotlin/cli/common/ExitCode;+35
j  org.jetbrains.kotlin.cli.jvm.K2JVMCompiler.doExecutePhased(Lorg/jetbrains/kotlin/cli/common/arguments/CommonCompilerArguments;Lorg/jetbrains/kotlin/config/Services;Lorg/jetbrains/kotlin/cli/common/messages/MessageCollector;)Lorg/jetbrains/kotlin/cli/common/ExitCode;+7
j  org.jetbrains.kotlin.cli.common.CLICompiler.execImpl(Lorg/jetbrains/kotlin/cli/common/messages/MessageCollector;Lorg/jetbrains/kotlin/config/Services;Lorg/jetbrains/kotlin/cli/common/arguments/CommonCompilerArguments;)Lorg/jetbrains/kotlin/cli/common/ExitCode;+17
j  org.jetbrains.kotlin.cli.common.CLICompiler.exec(Lorg/jetbrains/kotlin/cli/common/messages/MessageCollector;Lorg/jetbrains/kotlin/config/Services;Lorg/jetbrains/kotlin/cli/common/arguments/CommonCompilerArguments;)Lorg/jetbrains/kotlin/cli/common/ExitCode;+88
j  org.jetbrains.kotlin.cli.common.CLICompiler.exec(Ljava/io/PrintStream;Lorg/jetbrains/kotlin/config/Services;Lorg/jetbrains/kotlin/cli/common/messages/MessageRenderer;[Ljava/lang/String;)Lorg/jetbrains/kotlin/cli/common/ExitCode;+259
j  org.jetbrains.kotlin.cli.common.CLICompiler.exec(Ljava/io/PrintStream;Lorg/jetbrains/kotlin/cli/common/messages/MessageRenderer;[Ljava/lang/String;)Lorg/jetbrains/kotlin/cli/common/ExitCode;+26
j  org.jetbrains.kotlin.cli.common.CLICompiler$Companion.doMainNoExit(Lorg/jetbrains/kotlin/cli/common/CLICompiler;[Ljava/lang/String;Lorg/jetbrains/kotlin/cli/common/messages/MessageRenderer;)Lorg/jetbrains/kotlin/cli/common/ExitCode;+39
j  org.jetbrains.kotlin.cli.common.CLICompiler$Companion.doMainNoExit$default(Lorg/jetbrains/kotlin/cli/common/CLICompiler$Companion;Lorg/jetbrains/kotlin/cli/common/CLICompiler;[Ljava/lang/String;Lorg/jetbrains/kotlin/cli/common/messages/MessageRenderer;ILjava/lang/Object;)Lorg/jetbrains/kotlin/cli/common/ExitCode;+16
j  org.jetbrains.kotlin.cli.common.CLICompiler$Companion.doMain(Lorg/jetbrains/kotlin/cli/common/CLICompiler;[Ljava/lang/String;)V+54
j  org.jetbrains.kotlin.cli.jvm.K2JVMCompiler$Companion.main([Ljava/lang/String;)V+20
j  org.jetbrains.kotlin.cli.jvm.K2JVMCompiler.main([Ljava/lang/String;)V+4
v  ~StubRoutines::call_stub 0x000001f3de66100d

Compiled method (n/a) 542  301     n 0       java.lang.ClassLoader::defineClass1 (native)
 total in heap  [0x000001f3dec19110,0x000001f3dec19770] = 1632
 relocation     [0x000001f3dec19270,0x000001f3dec192a8] = 56
 main code      [0x000001f3dec192c0,0x000001f3dec1976f] = 1199
 stub code      [0x000001f3dec1976f,0x000001f3dec19770] = 1

[Constant Pool (empty)]

[MachCode]
[Entry Point]
  # {method} {0x000001f3ef025018} 'defineClass1' '(Ljava/lang/ClassLoader;Ljava/lang/String;[BIILjava/security/ProtectionDomain;Ljava/lang/String;)Ljava/lang/Class;' in 'java/lang/ClassLoader'
  # parm0:    rdx:rdx   = 'java/lang/ClassLoader'
  # parm1:    r8:r8     = 'java/lang/String'
  # parm2:    r9:r9     = '[B'
  # parm3:    rdi       = int
  # parm4:    rsi       = int
  # parm5:    rcx:rcx   = 'java/security/ProtectionDomain'
  # parm6:    [sp+0xa0]   = 'java/lang/String'  (sp of caller)
  0x000001f3dec192c0: 448b 5208 | 49bb 0000 | 0000 0800 | 0000 4d03 | d349 3bc2 | 0f84 0600 

  0x000001f3dec192d8: ;   {runtime_call ic_miss_stub}
  0x000001f3dec192d8: 0000 e9a1 | 54a9 ff90 
[Verified Entry Point]
  0x000001f3dec192e0: 8984 2400 | 80ff ff55 | 488b ec48 | 81ec 9000 | 0000 6690 | 4181 7f20 | 0100 0000 

  0x000001f3dec192fc: ;   {runtime_call StubRoutines (final stubs)}
  0x000001f3dec192fc: 7405 e85d | 08a8 ff48 | 837d 1000 | 488d 4510 | 480f 4445 | 1048 8944 | 2440 4889 | 4c24 7048 
  0x000001f3dec1931c: 83f9 0048 | 8d44 2470 | 480f 4444 | 2470 4889 | 4424 3848 | 8974 2430 | 4889 7c24 | 284c 894c 
  0x000001f3dec1933c: 2458 4983 | f900 488d | 4424 5848 | 0f44 4424 | 5848 8944 | 2420 4c89 | 4424 5049 | 83f8 004c 
  0x000001f3dec1935c: 8d4c 2450 | 4c0f 444c | 2450 4889 | 5424 4848 | 83fa 004c | 8d44 2448 | 4c0f 4444 

  0x000001f3dec19378: ;   {oop(a 'java/lang/Class'{0x000000071342b1d0} = 'java/lang/ClassLoader')}
  0x000001f3dec19378: 2448 49be | d0b1 4213 | 0700 0000 | 4c89 7424 | 784c 8d74 | 2478 498b | d6c5 f877 

  0x000001f3dec19394: ;   {internal_word}
  0x000001f3dec19394: 49ba 9193 | c1de f301 | 0000 4d89 | 97a0 0300 | 0049 89a7 | 9803 0000 

  0x000001f3dec193ac: ;   {external_word}
  0x000001f3dec193ac: 49ba 8057 | ae16 f97f | 0000 4180 | 3a00 0f84 | 4e00 0000 | 5241 5041 

  0x000001f3dec193c4: ;   {metadata({method} {0x000001f3ef025018} 'defineClass1' '(Ljava/lang/ClassLoader;Ljava/lang/String;[BIILjava/security/ProtectionDomain;Ljava/lang/String;)Ljava/lang/Class;' in 'java/lang/ClassLoader')}
  0x000001f3dec193c4: 5148 ba10 | 5002 eff3 | 0100 0049 | 8bcf 4883 | ec20 40f6 | c40f 0f84 | 1900 0000 | 4883 ec08 
  0x000001f3dec193e4: ;   {runtime_call}
  0x000001f3dec193e4: 48b8 5077 | 6816 f97f | 0000 ffd0 | 4883 c408 | e90c 0000 

  0x000001f3dec193f8: ;   {runtime_call}
  0x000001f3dec193f8: 0048 b850 | 7768 16f9 | 7f00 00ff | d048 83c4 | 2041 5941 | 585a 498d | 8fb8 0300 | 0041 c787 
  0x000001f3dec19418: 4404 0000 | 0400 0000 

  0x000001f3dec19420: ;   {runtime_call}
  0x000001f3dec19420: 48b8 ac16 | b2b6 f97f | 0000 ffd0 | c5f8 7741 | c787 4404 | 0000 0500 | 0000 f083 | 4424 c000 
  0x000001f3dec19440: 493b af48 | 0400 000f | 870e 0000 | 0041 83bf | 4004 0000 | 000f 842b | 0000 00c5 | f877 4889 
  0x000001f3dec19460: 45f8 498b | cf4c 8be4 | 4883 ec20 | 4883 e4f0 

  0x000001f3dec19470: ;   {runtime_call}
  0x000001f3dec19470: 48b8 20dc | 3316 f97f | 0000 ffd0 | 498b e44d | 33e4 488b | 45f8 41c7 | 8744 0400 | 0008 0000 
  0x000001f3dec19490: 0041 83bf | c004 0000 | 020f 84a3 

  0x000001f3dec1949c: ;   {external_word}
  0x000001f3dec1949c: 0200 0049 | ba80 57ae | 16f9 7f00 | 0041 803a | 000f 844c | 0000 0048 

  0x000001f3dec194b4: ;   {metadata({method} {0x000001f3ef025018} 'defineClass1' '(Ljava/lang/ClassLoader;Ljava/lang/String;[BIILjava/security/ProtectionDomain;Ljava/lang/String;)Ljava/lang/Class;' in 'java/lang/ClassLoader')}
  0x000001f3dec194b4: 8945 f848 | ba10 5002 | eff3 0100 | 0049 8bcf | 4883 ec20 | 40f6 c40f | 0f84 1900 | 0000 4883 
  0x000001f3dec194d4: ;   {runtime_call}
  0x000001f3dec194d4: ec08 48b8 | 5077 6816 | f97f 0000 | ffd0 4883 | c408 e90c 

  0x000001f3dec194e8: ;   {runtime_call}
  0x000001f3dec194e8: 0000 0048 | b850 7768 | 16f9 7f00 | 00ff d048 | 83c4 2048 | 8b45 f849 | c787 9803 | 0000 0000 
  0x000001f3dec19508: 0000 49c7 | 87a0 0300 | 0000 0000 | 00c5 f877 | 4885 c00f | 84fe 0100 | 00a8 030f | 8508 0000 
  0x000001f3dec19528: 0048 8b00 | e9ee 0100 | 00a8 010f | 8509 0000 | 0048 8b40 | fee9 dd01 | 0000 488b | 40ff 4180 
  0x000001f3dec19548: 7f40 000f | 84ce 0100 | 0048 83f8 | 000f 84c4 | 0100 0049 | 8b4f 2848 | 83f9 000f | 8414 0000 
  0x000001f3dec19568: 0048 83e9 | 0849 894f | 2849 034f | 3848 8901 | e9a2 0100 | 0048 81ec | d000 0000 | 4889 0424 
  0x000001f3dec19588: 4889 4c24 | 0848 8954 | 2410 4889 | 7424 1848 | 897c 2420 | 4c89 4424 | 284c 894c | 2430 4c89 
  0x000001f3dec195a8: 5424 384c | 895c 2440 | c5fb 1144 | 2450 c5fb | 114c 2458 | c5fb 1154 | 2460 c5fb | 115c 2468 
  0x000001f3dec195c8: c5fb 1164 | 2470 c5fb | 116c 2478 | c5fb 11b4 | 2480 0000 | 00c5 fb11 | bc24 8800 | 0000 c57b 
  0x000001f3dec195e8: ;   {no_reloc}
  0x000001f3dec195e8: 1184 2490 | 0000 00c5 | 7b11 8c24 | 9800 0000 | c57b 1194 | 24a0 0000 | 00c5 7b11 | 9c24 a800 
  0x000001f3dec19608: 0000 c57b | 11a4 24b0 | 0000 00c5 | 7b11 ac24 | b800 0000 | c57b 11b4 | 24c0 0000 | 00c5 7b11 
  0x000001f3dec19628: bc24 c800 | 0000 498b | d748 8bc8 | 4883 ec20 | 40f6 c40f | 0f84 1900 | 0000 4883 

  0x000001f3dec19644: ;   {runtime_call}
  0x000001f3dec19644: ec08 48b8 | 70ee 2616 | f97f 0000 | ffd0 4883 | c408 e90c 

  0x000001f3dec19658: ;   {runtime_call}
  0x000001f3dec19658: 0000 0048 | b870 ee26 | 16f9 7f00 | 00ff d048 | 83c4 20c5 | 7b10 bc24 | c800 0000 | c57b 10b4 
  0x000001f3dec19678: 24c0 0000 | 00c5 7b10 | ac24 b800 | 0000 c57b | 10a4 24b0 | 0000 00c5 | 7b10 9c24 | a800 0000 
  0x000001f3dec19698: c57b 1094 | 24a0 0000 | 00c5 7b10 | 8c24 9800 | 0000 c57b | 1084 2490 | 0000 00c5 | fb10 bc24 
  0x000001f3dec196b8: 8800 0000 | c5fb 10b4 | 2480 0000 | 00c5 fb10 | 6c24 78c5 | fb10 6424 | 70c5 fb10 | 5c24 68c5 
  0x000001f3dec196d8: fb10 5424 | 60c5 fb10 | 4c24 58c5 | fb10 4424 | 504c 8b5c | 2440 4c8b | 5424 384c | 8b4c 2430 
  0x000001f3dec196f8: 4c8b 4424 | 2848 8b7c | 2420 488b | 7424 1848 | 8b54 2410 | 488b 4c24 | 0848 8b04 | 2448 81c4 
  0x000001f3dec19718: d000 0000 | c5f8 7749 | 8b8f 2804 | 0000 c781 | 0001 0000 | 0000 0000 | c949 837f | 0800 0f85 
  0x000001f3dec19738: 0100 0000 

  0x000001f3dec1973c: ;   {runtime_call StubRoutines (initial stubs)}
  0x000001f3dec1973c: c3e9 be77 | a4ff c5f8 | 7748 8945 | f84c 8be4 | 4883 ec20 | 4883 e4f0 

  0x000001f3dec19754: ;   {runtime_call}
  0x000001f3dec19754: 48b8 f0ae | 6816 f97f | 0000 ffd0 | 498b e44d | 33e4 488b | 45f8 e930 | fdff fff4 
[/MachCode]


Compiled method (c1) 548  803       3       java.lang.ClassLoader::defineClass (43 bytes)
 total in heap  [0x000001f3d7283f90,0x000001f3d7284908] = 2424
 relocation     [0x000001f3d72840f0,0x000001f3d7284190] = 160
 main code      [0x000001f3d72841a0,0x000001f3d7284640] = 1184
 stub code      [0x000001f3d7284640,0x000001f3d72846b8] = 120
 metadata       [0x000001f3d72846b8,0x000001f3d72846f8] = 64
 scopes data    [0x000001f3d72846f8,0x000001f3d72847e8] = 240
 scopes pcs     [0x000001f3d72847e8,0x000001f3d72848c8] = 224
 dependencies   [0x000001f3d72848c8,0x000001f3d72848e0] = 24
 nul chk table  [0x000001f3d72848e0,0x000001f3d7284908] = 40

[Constant Pool (empty)]

[MachCode]
[Entry Point]
  # {method} {0x000001f3ef024e38} 'defineClass' '(Ljava/lang/String;[BIILjava/security/ProtectionDomain;)Ljava/lang/Class;' in 'java/lang/ClassLoader'
  # this:     rdx:rdx   = 'java/lang/ClassLoader'
  # parm0:    r8:r8     = 'java/lang/String'
  # parm1:    r9:r9     = '[B'
  # parm2:    rdi       = int
  # parm3:    rsi       = int
  # parm4:    rcx:rcx   = 'java/security/ProtectionDomain'
  #           [sp+0xc0]  (sp of caller)
  0x000001f3d72841a0: 448b 5208 | 49bb 0000 | 0000 0800 | 0000 4d03 | d34c 3bd0 

  0x000001f3d72841b4: ;   {runtime_call ic_miss_stub}
  0x000001f3d72841b4: 0f85 c6a5 | 4207 660f | 1f44 0000 
[Verified Entry Point]
  0x000001f3d72841c0: 8984 2400 | 80ff ff55 | 4881 ecb0 | 0000 0090 | 4181 7f20 | 0100 0000 

  0x000001f3d72841d8: ;   {runtime_call StubRoutines (final stubs)}
  0x000001f3d72841d8: 7405 e881 | 5941 0748 | 8954 2478 

  0x000001f3d72841e4: ;   {metadata(method data for {method} {0x000001f3ef024e38} 'defineClass' '(Ljava/lang/String;[BIILjava/security/ProtectionDomain;)Ljava/lang/Class;' in 'java/lang/ClassLoader')}
  0x000001f3d72841e4: 48bb 90d4 | b0ef f301 | 0000 8b83 | cc00 0000 | 83c0 0289 | 83cc 0000 | 0025 fe07 | 0000 85c0 
  0x000001f3d7284204: 0f84 5803 | 0000 89b4 | 2494 0000 | 0089 bc24 | 9000 0000 | 4c89 8c24 | 8800 0000 

  0x000001f3d7284220: ;   {metadata(method data for {method} {0x000001f3ef024e38} 'defineClass' '(Ljava/lang/String;[BIILjava/security/ProtectionDomain;)Ljava/lang/Class;' in 'java/lang/ClassLoader')}
  0x000001f3d7284220: 488b da48 | b890 d4b0 | eff3 0100 | 0048 8380 | 1001 0000 | 0149 8bd8 | 4c8b c34c | 8bc9 488b 
  0x000001f3d7284240: ca48 8bd1 | 4889 9c24 | 8000 0000 

  0x000001f3d728424c: ;   {optimized virtual_call}
  0x000001f3d728424c: 6666 90e8 

  0x000001f3d7284250: ; ImmutableOopMap {[120]=Oop [128]=Oop [136]=Oop }
                      ;*invokevirtual preDefineClass {reexecute=0 rethrow=0 return_oop=0}
                      ; - java.lang.ClassLoader::defineClass@4
  0x000001f3d7284250: 4cd5 0000 

  0x000001f3d7284254: ;   {other}
  0x000001f3d7284254: 0f1f 8400 | c402 0000 | 4889 8424 | 9800 0000 | 488b 5424 

  0x000001f3d7284268: ;   {metadata(method data for {method} {0x000001f3ef024e38} 'defineClass' '(Ljava/lang/String;[BIILjava/security/ProtectionDomain;)Ljava/lang/Class;' in 'java/lang/ClassLoader')}
  0x000001f3d7284268: 7849 b890 | d4b0 eff3 | 0100 0049 | 8380 4801 

  0x000001f3d7284278: ;   {metadata(method data for {method} {0x000001f3ef024c58} 'defineClassSourceLocation' '(Ljava/security/ProtectionDomain;)Ljava/lang/String;' in 'java/lang/ClassLoader')}
  0x000001f3d7284278: 0000 0149 | b828 09b1 | eff3 0100 | 0041 8b90 | cc00 0000 | 83c2 0241 | 8990 cc00 | 0000 81e2 
  0x000001f3d7284298: feff 1f00 | 85d2 0f84 | df02 0000 

  0x000001f3d72842a4: ; implicit exception: dispatches to 0x000001f3d72845a4
  0x000001f3d72842a4: 483b 004c 

  0x000001f3d72842a8: ;   {metadata(method data for {method} {0x000001f3ef024c58} 'defineClassSourceLocation' '(Ljava/security/ProtectionDomain;)Ljava/lang/String;' in 'java/lang/ClassLoader')}
  0x000001f3d72842a8: 8bc0 48ba | 2809 b1ef | f301 0000 | 4883 8210 | 0100 0001 | 448b 4010 | 49c1 e003 

  0x000001f3d72842c4: ;   {metadata(method data for {method} {0x000001f3ef024c58} 'defineClassSourceLocation' '(Ljava/security/ProtectionDomain;)Ljava/lang/String;' in 'java/lang/ClassLoader')}
  0x000001f3d72842c4: 4d85 c048 | ba28 09b1 | eff3 0100 | 0048 c7c6 | 5801 0000 | 7507 48c7 | c648 0100 | 0048 8b3c 
  0x000001f3d72842e4: 3248 8d7f | 0148 893c | 320f 850f 

  0x000001f3d72842f0: ;   {oop(nullptr)}
  0x000001f3d72842f0: 0000 0048 | bb00 0000 | 0000 0000 | 00e9 a501 | 0000 493b | 0049 8bd0 

  0x000001f3d7284308: ;   {metadata(method data for {method} {0x000001f3ef024c58} 'defineClassSourceLocation' '(Ljava/security/ProtectionDomain;)Ljava/lang/String;' in 'java/lang/ClassLoader')}
  0x000001f3d7284308: 48be 2809 | b1ef f301 | 0000 4883 | 8668 0100 | 0001 418b | 500c 48c1 | e203 4885 

  0x000001f3d7284324: ;   {metadata(method data for {method} {0x000001f3ef024c58} 'defineClassSourceLocation' '(Ljava/security/ProtectionDomain;)Ljava/lang/String;' in 'java/lang/ClassLoader')}
  0x000001f3d7284324: d248 be28 | 09b1 eff3 | 0100 0048 | c7c7 b001 | 0000 7507 | 48c7 c7a0 | 0100 0048 | 8b1c 3e48 
  0x000001f3d7284344: 8d5b 0148 | 891c 3e0f | 850f 0000 

  0x000001f3d7284350: ;   {oop(nullptr)}
  0x000001f3d7284350: 0048 bb00 | 0000 0000 | 0000 00e9 | 4701 0000 

  0x000001f3d7284360: ;   {metadata(method data for {method} {0x000001f3ef024c58} 'defineClassSourceLocation' '(Ljava/security/ProtectionDomain;)Ljava/lang/String;' in 'java/lang/ClassLoader')}
  0x000001f3d7284360: 48be 2809 | b1ef f301 | 0000 4883 | 86c0 0100 | 0001 483b | 024c 8bc2 

  0x000001f3d7284378: ;   {metadata(method data for {method} {0x000001f3ef024c58} 'defineClassSourceLocation' '(Ljava/security/ProtectionDomain;)Ljava/lang/String;' in 'java/lang/ClassLoader')}
  0x000001f3d7284378: 48be 2809 | b1ef f301 | 0000 4883 | 86f8 0100 

  0x000001f3d7284388: ;   {metadata(method data for {method} {0x000001f3ef0f61a8} 'toString' '()Ljava/lang/String;' in 'java/net/URL')}
  0x000001f3d7284388: 0001 49b8 | 3052 b0ef | f301 0000 | 418b b0cc | 0000 0083 | c602 4189 | b0cc 0000 | 0081 e6fe 
  0x000001f3d72843a8: ff1f 0085 | f60f 8400 | 0200 004c 

  0x000001f3d72843b4: ;   {metadata(method data for {method} {0x000001f3ef0f61a8} 'toString' '()Ljava/lang/String;' in 'java/net/URL')}
  0x000001f3d72843b4: 8bc2 48be | 3052 b0ef | f301 0000 | 4883 8610 | 0100 0001 

  0x000001f3d72843c8: ;   {metadata(method data for {method} {0x000001f3ef0f6260} 'toExternalForm' '()Ljava/lang/String;' in 'java/net/URL')}
  0x000001f3d72843c8: 49b8 b853 | b0ef f301 | 0000 418b | b0cc 0000 | 0083 c602 | 4189 b0cc | 0000 0081 | e6fe ff1f 
  0x000001f3d72843e8: 0085 f60f | 84e3 0100 | 008b 7238 | 48c1 e603 

  0x000001f3d72843f8: ; implicit exception: dispatches to 0x000001f3d72845f5
  0x000001f3d72843f8: 483b 064c 

  0x000001f3d72843fc: ;   {metadata(method data for {method} {0x000001f3ef0f6260} 'toExternalForm' '()Ljava/lang/String;' in 'java/net/URL')}
  0x000001f3d72843fc: 8bc6 48bf | b853 b0ef | f301 0000 | 458b 4008 | 49ba 0000 | 0000 0800 | 0000 4d03 | c24c 3b87 
  0x000001f3d728441c: 2001 0000 | 750d 4883 | 8728 0100 | 0001 e960 | 0000 004c | 3b87 3001 | 0000 750d | 4883 8738 
  0x000001f3d728443c: 0100 0001 | e94a 0000 | 0048 83bf | 2001 0000 | 0075 174c | 8987 2001 | 0000 48c7 | 8728 0100 
  0x000001f3d728445c: 0001 0000 | 00e9 2900 | 0000 4883 | bf30 0100 | 0000 7517 | 4c89 8730 | 0100 0048 | c787 3801 
  0x000001f3d728447c: 0000 0100 | 0000 e908 | 0000 0048 | 8387 1001 | 0000 014c | 8bc2 488b 

  0x000001f3d7284494: ;   {optimized virtual_call}
  0x000001f3d7284494: d666 90e8 

  0x000001f3d7284498: ; ImmutableOopMap {[120]=Oop [128]=Oop [136]=Oop [152]=Oop }
                      ;*invokevirtual toExternalForm {reexecute=0 rethrow=0 return_oop=0}
                      ; - java.net.URL::toExternalForm@5
                      ; - java.net.URL::toString@1
                      ; - java.lang.ClassLoader::defineClassSourceLocation@22
                      ; - java.lang.ClassLoader::defineClass@12
  0x000001f3d7284498: 843d feff 

  0x000001f3d728449c: ;   {other}
  0x000001f3d728449c: 0f1f 8400 | 0c05 0001 | 488b d848 | 8b84 2498 | 0000 008b | b424 9400 | 0000 8bbc | 2490 0000 
  0x000001f3d72844bc: 004c 8b8c | 2488 0000 | 004c 8b84 | 2480 0000 | 0048 8b54 

  0x000001f3d72844d0: ;   {metadata(method data for {method} {0x000001f3ef024e38} 'defineClass' '(Ljava/lang/String;[BIILjava/security/ProtectionDomain;)Ljava/lang/Class;' in 'java/lang/ClassLoader')}
  0x000001f3d72844d0: 2478 48b9 | 90d4 b0ef | f301 0000 | 4883 8180 | 0100 0001 | 4c8b da49 | 8bd3 488b | c848 891c 
  0x000001f3d72844f0: 2466 0f1f 

  0x000001f3d72844f4: ;   {static_call}
  0x000001f3d72844f4: 4400 00e8 

  0x000001f3d72844f8: ; ImmutableOopMap {[120]=Oop [152]=Oop }
                      ;*invokestatic defineClass1 {reexecute=0 rethrow=0 return_oop=0}
                      ; - java.lang.ClassLoader::defineClass@27
  0x000001f3d72844f8: e44d 9907 

  0x000001f3d72844fc: ;   {other}
  0x000001f3d72844fc: 0f1f 8400 | 6c05 0002 | 488b 5424 

  0x000001f3d7284508: ;   {metadata(method data for {method} {0x000001f3ef024e38} 'defineClass' '(Ljava/lang/String;[BIILjava/security/ProtectionDomain;)Ljava/lang/Class;' in 'java/lang/ClassLoader')}
  0x000001f3d7284508: 7849 b890 | d4b0 eff3 | 0100 0049 | 8380 9001 | 0000 014c | 8bc0 4c8b | 8c24 9800 | 0000 488b 
  0x000001f3d7284528: 5424 7848 | 8984 24a0 | 0000 000f 

  0x000001f3d7284534: ;   {optimized virtual_call}
  0x000001f3d7284534: 1f40 00e8 

  0x000001f3d7284538: ; ImmutableOopMap {[160]=Oop }
                      ;*invokevirtual postDefineClass {reexecute=0 rethrow=0 return_oop=0}
                      ; - java.lang.ClassLoader::defineClass@37
  0x000001f3d7284538: e402 0100 

  0x000001f3d728453c: ;   {other}
  0x000001f3d728453c: 0f1f 8400 | ac05 0003 | 488b 8424 | a000 0000 | 4881 c4b0 | 0000 005d 

  0x000001f3d7284554: ;   {poll_return}
  0x000001f3d7284554: 493b a748 | 0400 000f | 8799 0000 

  0x000001f3d7284560: ;   {metadata({method} {0x000001f3ef024e38} 'defineClass' '(Ljava/lang/String;[BIILjava/security/ProtectionDomain;)Ljava/lang/Class;' in 'java/lang/ClassLoader')}
  0x000001f3d7284560: 00c3 49ba | 304e 02ef | f301 0000 | 4c89 5424 | 0848 c704 | 24ff ffff 

  0x000001f3d7284578: ;   {runtime_call counter_overflow Runtime1 stub}
  0x000001f3d7284578: ffe8 82d0 

  0x000001f3d728457c: ; ImmutableOopMap {rdx=Oop r8=Oop r9=Oop rcx=Oop [120]=Oop }
                      ;*synchronization entry
                      ; - java.lang.ClassLoader::defineClass@-1
  0x000001f3d728457c: 4e07 e987 

  0x000001f3d7284580: ;   {metadata({method} {0x000001f3ef024c58} 'defineClassSourceLocation' '(Ljava/security/ProtectionDomain;)Ljava/lang/String;' in 'java/lang/ClassLoader')}
  0x000001f3d7284580: fcff ff49 | ba50 4c02 | eff3 0100 | 004c 8954 | 2408 48c7 | 0424 ffff 

  0x000001f3d7284598: ;   {runtime_call counter_overflow Runtime1 stub}
  0x000001f3d7284598: ffff e861 

  0x000001f3d728459c: ; ImmutableOopMap {rax=Oop [120]=Oop [128]=Oop [136]=Oop [152]=Oop }
                      ;*synchronization entry
                      ; - java.lang.ClassLoader::defineClassSourceLocation@-1
                      ; - java.lang.ClassLoader::defineClass@12
  0x000001f3d728459c: d04e 07e9 | 00fd ffff 

  0x000001f3d72845a4: ;   {runtime_call throw_null_pointer_exception Runtime1 stub}
  0x000001f3d72845a4: e8d7 754e 

  0x000001f3d72845a8: ; ImmutableOopMap {rax=Oop [120]=Oop [128]=Oop [136]=Oop [152]=Oop }
                      ;*invokevirtual getCodeSource {reexecute=0 rethrow=0 return_oop=0}
                      ; - java.lang.ClassLoader::defineClassSourceLocation@1
                      ; - java.lang.ClassLoader::defineClass@12
                      ;   {runtime_call throw_null_pointer_exception Runtime1 stub}
  0x000001f3d72845a8: 07e8 d275 

  0x000001f3d72845ac: ; ImmutableOopMap {rax=Oop r8=Oop [120]=Oop [128]=Oop [136]=Oop [152]=Oop }
                      ;*invokevirtual getLocation {reexecute=0 rethrow=0 return_oop=0}
                      ; - java.lang.ClassLoader::defineClassSourceLocation@12
                      ; - java.lang.ClassLoader::defineClass@12
                      ;   {runtime_call throw_null_pointer_exception Runtime1 stub}
  0x000001f3d72845ac: 4e07 e8cd 

  0x000001f3d72845b0: ; ImmutableOopMap {rdx=Oop [120]=Oop [128]=Oop [136]=Oop [152]=Oop }
                      ;*invokevirtual toString {reexecute=0 rethrow=0 return_oop=0}
                      ; - java.lang.ClassLoader::defineClassSourceLocation@22
                      ; - java.lang.ClassLoader::defineClass@12
                      ;   {metadata({method} {0x000001f3ef0f61a8} 'toString' '()Ljava/lang/String;' in 'java/net/URL')}
  0x000001f3d72845b0: 754e 0749 | baa0 610f | eff3 0100 | 004c 8954 | 2408 48c7 | 0424 ffff 

  0x000001f3d72845c8: ;   {runtime_call counter_overflow Runtime1 stub}
  0x000001f3d72845c8: ffff e831 

  0x000001f3d72845cc: ; ImmutableOopMap {rdx=Oop [120]=Oop [128]=Oop [136]=Oop [152]=Oop }
                      ;*synchronization entry
                      ; - java.net.URL::toString@-1
                      ; - java.lang.ClassLoader::defineClassSourceLocation@22
                      ; - java.lang.ClassLoader::defineClass@12
  0x000001f3d72845cc: d04e 07e9 | dffd ffff 

  0x000001f3d72845d4: ;   {metadata({method} {0x000001f3ef0f6260} 'toExternalForm' '()Ljava/lang/String;' in 'java/net/URL')}
  0x000001f3d72845d4: 49ba 5862 | 0fef f301 | 0000 4c89 | 5424 0848 | c704 24ff 

  0x000001f3d72845e8: ;   {runtime_call counter_overflow Runtime1 stub}
  0x000001f3d72845e8: ffff ffe8 

  0x000001f3d72845ec: ; ImmutableOopMap {rdx=Oop [120]=Oop [128]=Oop [136]=Oop [152]=Oop }
                      ;*synchronization entry
                      ; - java.net.URL::toExternalForm@-1
                      ; - java.net.URL::toString@1
                      ; - java.lang.ClassLoader::defineClassSourceLocation@22
                      ; - java.lang.ClassLoader::defineClass@12
  0x000001f3d72845ec: 10d0 4e07 | e9fc fdff 

  0x000001f3d72845f4: ;   {runtime_call throw_null_pointer_exception Runtime1 stub}
  0x000001f3d72845f4: ffe8 8675 

  0x000001f3d72845f8: ; ImmutableOopMap {rdx=Oop rsi=Oop [120]=Oop [128]=Oop [136]=Oop [152]=Oop }
                      ;*invokevirtual toExternalForm {reexecute=0 rethrow=0 return_oop=0}
                      ; - java.net.URL::toExternalForm@5
                      ; - java.net.URL::toString@1
                      ; - java.lang.ClassLoader::defineClassSourceLocation@22
                      ; - java.lang.ClassLoader::defineClass@12
                      ;   {internal_word}
  0x000001f3d72845f8: 4e07 49ba | 5445 28d7 | f301 0000 | 4d89 9760 

  0x000001f3d7284608: ;   {runtime_call SafepointBlob}
  0x000001f3d7284608: 0400 00e9 | f010 4307 | 498b 87f8 | 0400 0049 | c787 f804 | 0000 0000 | 0000 49c7 | 8700 0500 
  0x000001f3d7284628: 0000 0000 | 0048 81c4 | b000 0000 

  0x000001f3d7284634: ;   {runtime_call unwind_exception Runtime1 stub}
  0x000001f3d7284634: 5de9 4666 | 4e07 f4f4 | f4f4 f4f4 
[Stub Code]
  0x000001f3d7284640: ;   {no_reloc}
  0x000001f3d7284640: 0f1f 4400 

  0x000001f3d7284644: ;   {static_stub}
  0x000001f3d7284644: 0048 bb00 | 0000 0000 

  0x000001f3d728464c: ;   {runtime_call nmethod}
  0x000001f3d728464c: 0000 00e9 | fbff ffff 

  0x000001f3d7284654: ;   {static_stub}
  0x000001f3d7284654: 48bb 784b | 02ef f301 

  0x000001f3d728465c: ;   {runtime_call I2C/C2I adapters}
  0x000001f3d728465c: 0000 e908 

  0x000001f3d7284660: ;   {static_stub}
  0x000001f3d7284660: 6742 0748 | bb00 0000 | 0000 0000 

  0x000001f3d728466c: ;   {runtime_call nmethod}
  0x000001f3d728466c: 00e9 fbff 

  0x000001f3d7284670: ;   {static_stub}
  0x000001f3d7284670: ffff 48bb | 404d 02ef | f301 0000 

  0x000001f3d728467c: ;   {runtime_call I2C/C2I adapters}
  0x000001f3d728467c: e9ea 6642 

  0x000001f3d7284680: ;   {runtime_call handle_exception_from_callee Runtime1 stub}
  0x000001f3d7284680: 07e8 fa92 

  0x000001f3d7284684: ;   {external_word}
  0x000001f3d7284684: 4e07 48b9 | 40de 8816 | f97f 0000 | 4883 e4f0 

  0x000001f3d7284694: ;   {runtime_call}
  0x000001f3d7284694: 48b8 b079 | 5716 f97f | 0000 ffd0 

  0x000001f3d72846a0: ;   {section_word}
  0x000001f3d72846a0: f449 baa1 | 4628 d7f3 | 0100 0041 

  0x000001f3d72846ac: ;   {runtime_call DeoptimizationBlob}
  0x000001f3d72846ac: 52e9 ee02 | 4307 f4f4 | f4f4 f4f4 
[/MachCode]


Compiled method (c1) 556  741       3       java.security.SecureClassLoader::defineClass (16 bytes)
 total in heap  [0x000001f3d7263c10,0x000001f3d7264010] = 1024
 relocation     [0x000001f3d7263d70,0x000001f3d7263dc0] = 80
 main code      [0x000001f3d7263dc0,0x000001f3d7263f18] = 344
 stub code      [0x000001f3d7263f18,0x000001f3d7263f68] = 80
 metadata       [0x000001f3d7263f68,0x000001f3d7263f70] = 8
 scopes data    [0x000001f3d7263f70,0x000001f3d7263fb8] = 72
 scopes pcs     [0x000001f3d7263fb8,0x000001f3d7264008] = 80
 dependencies   [0x000001f3d7264008,0x000001f3d7264010] = 8

[Constant Pool (empty)]

[MachCode]
[Entry Point]
  # {method} {0x000001f3ef03d670} 'defineClass' '(Ljava/lang/String;[BIILjava/security/CodeSource;)Ljava/lang/Class;' in 'java/security/SecureClassLoader'
  # this:     rdx:rdx   = 'java/security/SecureClassLoader'
  # parm0:    r8:r8     = 'java/lang/String'
  # parm1:    r9:r9     = '[B'
  # parm2:    rdi       = int
  # parm3:    rsi       = int
  # parm4:    rcx:rcx   = 'java/security/CodeSource'
  #           [sp+0x80]  (sp of caller)
  0x000001f3d7263dc0: 448b 5208 | 49bb 0000 | 0000 0800 | 0000 4d03 | d34c 3bd0 

  0x000001f3d7263dd4: ;   {runtime_call ic_miss_stub}
  0x000001f3d7263dd4: 0f85 a6a9 | 4407 660f | 1f44 0000 
[Verified Entry Point]
  0x000001f3d7263de0: 8984 2400 | 80ff ff55 | 4883 ec70 | 4181 7f20 | 0100 0000 

  0x000001f3d7263df4: ;   {runtime_call StubRoutines (final stubs)}
  0x000001f3d7263df4: 7405 e865 

  0x000001f3d7263df8: ;   {metadata(method data for {method} {0x000001f3ef03d670} 'defineClass' '(Ljava/lang/String;[BIILjava/security/CodeSource;)Ljava/lang/Class;' in 'java/security/SecureClassLoader')}
  0x000001f3d7263df8: 5d43 0748 | bb90 e19f | eff3 0100 | 008b 83cc | 0000 0083 | c002 8983 | cc00 0000 | 25fe 0700 
  0x000001f3d7263e18: 0085 c00f | 8496 0000 | 0089 7424 | 5c89 7c24 | 584c 894c | 2450 4c89 | 4424 4848 

  0x000001f3d7263e34: ;   {metadata(method data for {method} {0x000001f3ef03d670} 'defineClass' '(Ljava/lang/String;[BIILjava/security/CodeSource;)Ljava/lang/Class;' in 'java/security/SecureClassLoader')}
  0x000001f3d7263e34: 8bda 48b8 | 90e1 9fef | f301 0000 | 4883 8010 | 0100 0001 | 4c8b c148 | 8bc2 488b | d048 8944 
  0x000001f3d7263e54: ;   {optimized virtual_call}
  0x000001f3d7263e54: 2440 90e8 

  0x000001f3d7263e58: ; ImmutableOopMap {[64]=Oop [72]=Oop [80]=Oop }
                      ;*invokevirtual getProtectionDomain {reexecute=0 rethrow=0 return_oop=0}
                      ; - java.security.SecureClassLoader::defineClass@9
  0x000001f3d7263e58: c4f8 0100 

  0x000001f3d7263e5c: ;   {other}
  0x000001f3d7263e5c: 0f1f 8400 | 4c02 0000 | 488b 5424 

  0x000001f3d7263e68: ;   {metadata(method data for {method} {0x000001f3ef03d670} 'defineClass' '(Ljava/lang/String;[BIILjava/security/CodeSource;)Ljava/lang/Class;' in 'java/security/SecureClassLoader')}
  0x000001f3d7263e68: 4049 b890 | e19f eff3 | 0100 0049 | 8380 4801 | 0000 014c | 8b44 2448 | 4c8b 4c24 | 508b 7c24 
  0x000001f3d7263e88: 588b 7424 | 5c48 8bc8 | 488b 5424 

  0x000001f3d7263e94: ;   {optimized virtual_call}
  0x000001f3d7263e94: 4066 90e8 

  0x000001f3d7263e98: ; ImmutableOopMap {}
                      ;*invokevirtual defineClass {reexecute=0 rethrow=0 return_oop=0}
                      ; - java.security.SecureClassLoader::defineClass@12
  0x000001f3d7263e98: 2403 0200 

  0x000001f3d7263e9c: ;   {other}
  0x000001f3d7263e9c: 0f1f 8400 | 8c02 0001 | 4883 c470 

  0x000001f3d7263ea8: ;   {poll_return}
  0x000001f3d7263ea8: 5d49 3ba7 | 4804 0000 | 0f87 2200 

  0x000001f3d7263eb4: ;   {metadata({method} {0x000001f3ef03d670} 'defineClass' '(Ljava/lang/String;[BIILjava/security/CodeSource;)Ljava/lang/Class;' in 'java/security/SecureClassLoader')}
  0x000001f3d7263eb4: 0000 c349 | ba68 d603 | eff3 0100 | 004c 8954 | 2408 48c7 | 0424 ffff 

  0x000001f3d7263ecc: ;   {runtime_call counter_overflow Runtime1 stub}
  0x000001f3d7263ecc: ffff e82d 

  0x000001f3d7263ed0: ; ImmutableOopMap {rdx=Oop r8=Oop r9=Oop rcx=Oop }
                      ;*synchronization entry
                      ; - java.security.SecureClassLoader::defineClass@-1
  0x000001f3d7263ed0: d750 07e9 | 49ff ffff 

  0x000001f3d7263ed8: ;   {internal_word}
  0x000001f3d7263ed8: 49ba a93e | 26d7 f301 | 0000 4d89 | 9760 0400 

  0x000001f3d7263ee8: ;   {runtime_call SafepointBlob}
  0x000001f3d7263ee8: 00e9 1218 | 4507 498b | 87f8 0400 | 0049 c787 | f804 0000 | 0000 0000 | 49c7 8700 | 0500 0000 
  0x000001f3d7263f08: 0000 0048 | 83c4 705d 

  0x000001f3d7263f10: ;   {runtime_call unwind_exception Runtime1 stub}
  0x000001f3d7263f10: e96b 6d50 | 07f4 f4f4 
[Stub Code]
  0x000001f3d7263f18: ;   {no_reloc}
  0x000001f3d7263f18: 48bb a0d8 | 03ef f301 

  0x000001f3d7263f20: ;   {runtime_call I2C/C2I adapters}
  0x000001f3d7263f20: 0000 e9c0 

  0x000001f3d7263f24: ;   {static_stub}
  0x000001f3d7263f24: 0245 0748 | bb30 4e02 | eff3 0100 

  0x000001f3d7263f30: ;   {runtime_call I2C/C2I adapters}
  0x000001f3d7263f30: 00e9 bfd6 

  0x000001f3d7263f34: ;   {runtime_call handle_exception_from_callee Runtime1 stub}
  0x000001f3d7263f34: 4307 e845 

  0x000001f3d7263f38: ;   {external_word}
  0x000001f3d7263f38: 9a50 0748 | b940 de88 | 16f9 7f00 | 0048 83e4 

  0x000001f3d7263f48: ;   {runtime_call}
  0x000001f3d7263f48: f048 b8b0 | 7957 16f9 | 7f00 00ff 

  0x000001f3d7263f54: ;   {section_word}
  0x000001f3d7263f54: d0f4 49ba | 563f 26d7 | f301 0000 

  0x000001f3d7263f60: ;   {runtime_call DeoptimizationBlob}
  0x000001f3d7263f60: 4152 e939 | 0a45 07f4 
[/MachCode]


---------------  P R O C E S S  ---------------

Threads class SMR info:
_java_thread_list=0x000001f3ee5281f0, length=13, elements={
0x000001f3d1c23070, 0x000001f3ee33f210, 0x000001f3ee33f870, 0x000001f3ee3575e0,
0x000001f3ee357c40, 0x000001f3ee358e10, 0x000001f3ee35d480, 0x000001f3ee35f1c0,
0x000001f3ee3623e0, 0x000001f3ee5108f0, 0x000001f3ee513120, 0x000001f3ee5928b0,
0x000001f3ee592f50
}

Java Threads: ( => current thread )
=>0x000001f3d1c23070 JavaThread "main"                              [_thread_in_vm, id=12524, stack(0x0000004659500000,0x0000004659600000) (1024K)]
  0x000001f3ee33f210 JavaThread "Reference Handler"          daemon [_thread_blocked, id=9476, stack(0x0000004659d00000,0x0000004659e00000) (1024K)]
  0x000001f3ee33f870 JavaThread "Finalizer"                  daemon [_thread_blocked, id=12060, stack(0x0000004659e00000,0x0000004659f00000) (1024K)]
  0x000001f3ee3575e0 JavaThread "Signal Dispatcher"          daemon [_thread_blocked, id=15436, stack(0x0000004659f00000,0x000000465a000000) (1024K)]
  0x000001f3ee357c40 JavaThread "Attach Listener"            daemon [_thread_blocked, id=9164, stack(0x000000465a000000,0x000000465a100000) (1024K)]
  0x000001f3ee358e10 JavaThread "Service Thread"             daemon [_thread_blocked, id=19168, stack(0x000000465a100000,0x000000465a200000) (1024K)]
  0x000001f3ee35d480 JavaThread "Monitor Deflation Thread"   daemon [_thread_blocked, id=7572, stack(0x000000465a200000,0x000000465a300000) (1024K)]
  0x000001f3ee35f1c0 JavaThread "C2 CompilerThread0"         daemon [_thread_blocked, id=19096, stack(0x000000465a300000,0x000000465a400000) (1024K)]
  0x000001f3ee3623e0 JavaThread "C1 CompilerThread0"         daemon [_thread_blocked, id=2900, stack(0x000000465a400000,0x000000465a500000) (1024K)]
  0x000001f3ee5108f0 JavaThread "Notification Thread"        daemon [_thread_blocked, id=2016, stack(0x000000465a500000,0x000000465a600000) (1024K)]
  0x000001f3ee513120 JavaThread "Common-Cleaner"             daemon [_thread_blocked, id=3672, stack(0x000000465a600000,0x000000465a700000) (1024K)]
  0x000001f3ee5928b0 JavaThread "C2 CompilerThread1"         daemon [_thread_blocked, id=20492, stack(0x000000465a700000,0x000000465a800000) (1024K)]
  0x000001f3ee592f50 JavaThread "C2 CompilerThread2"         daemon [_thread_blocked, id=14496, stack(0x000000465a800000,0x000000465a900000) (1024K)]
Total: 13

Other Threads:
  0x000001f3ee13fed0 VMThread "VM Thread"                           [id=11700, stack(0x0000004659c00000,0x0000004659d00000) (1024K)]
  0x000001f3ee12d4d0 WatcherThread "VM Periodic Task Thread"        [id=11300, stack(0x0000004659b00000,0x0000004659c00000) (1024K)]
  0x000001f3d403f290 WorkerThread "GC Thread#0"                     [id=17584, stack(0x0000004659600000,0x0000004659700000) (1024K)]
  0x000001f3ee1409b0 WorkerThread "GC Thread#1"                     [id=20484, stack(0x000000465a900000,0x000000465aa00000) (1024K)]
  0x000001f3ee13fb30 WorkerThread "GC Thread#2"                     [id=11504, stack(0x000000465aa00000,0x000000465ab00000) (1024K)]
  0x000001f3ee1410f0 WorkerThread "GC Thread#3"                     [id=10528, stack(0x000000465ab00000,0x000000465ac00000) (1024K)]
  0x000001f3eec82540 WorkerThread "GC Thread#4"                     [id=17748, stack(0x000000465ac00000,0x000000465ad00000) (1024K)]
  0x000001f3eec828e0 WorkerThread "GC Thread#5"                     [id=14732, stack(0x000000465ad00000,0x000000465ae00000) (1024K)]
  0x000001f3d4050bb0 ConcurrentGCThread "G1 Main Marker"            [id=19412, stack(0x0000004659700000,0x0000004659800000) (1024K)]
  0x000001f3d4052990 WorkerThread "G1 Conc#0"                       [id=7752, stack(0x0000004659800000,0x0000004659900000) (1024K)]
  0x000001f3edffe1d0 ConcurrentGCThread "G1 Refine#0"               [id=14420, stack(0x0000004659900000,0x0000004659a00000) (1024K)]
  0x000001f3ee001620 ConcurrentGCThread "G1 Service"                [id=20100, stack(0x0000004659a00000,0x0000004659b00000) (1024K)]
Total: 12

Threads with active compile tasks:
Total: 0

VM state: not at safepoint (normal execution)

VM Mutex/Monitor currently owned by a thread:  ([mutex/lock_event])
[0x00007ff916afc1a0] Metaspace_lock - owner thread: 0x000001f3d1c23070

Heap address: 0x0000000705000000, size: 4016 MB, Compressed Oops mode: Zero based, Oop shift amount: 3

CDS archive(s) not mapped
Compressed class space mapped at: 0x0000000800000000-0x0000000840000000, reserved size: 1073741824
Narrow klass base: 0x0000000800000000, Narrow klass shift: 0, Narrow klass range: 0x40000000

GC Precious Log:
 CardTable entry size: 512
 Card Set container configuration: InlinePtr #cards 4 size 8 Array Of Cards #cards 16 size 48 Howl #buckets 8 coarsen threshold 3686 Howl Bitmap #cards 512 size 80 coarsen threshold 460 Card regions per heap region 1 cards per card region 4096
 CPUs: 12 total, 12 available
 Memory: 16059M
 Large Page Support: Disabled
 NUMA Support: Disabled
 Compressed Oops: Enabled (Zero based)
 Heap Region Size: 2M
 Heap Min Capacity: 8M
 Heap Initial Capacity: 252M
 Heap Max Capacity: 4016M
 Pre-touch: Disabled
 Parallel Workers: 10
 Concurrent Workers: 3
 Concurrent Refinement Workers: 10
 Periodic GC: Disabled

Heap:
 garbage-first heap   total 258048K, used 21462K [0x0000000705000000, 0x0000000800000000)
  region size 2048K, 10 young (20480K), 2 survivors (4096K)
 Metaspace       used 18028K, committed 18176K, reserved 1114112K
  class space    used 1821K, committed 1920K, reserved 1048576K

Heap Regions: E=young(eden), S=young(survivor), O=old, HS=humongous(starts), HC=humongous(continues), CS=collection set, F=free, TAMS=top-at-mark-start, PB=parsable bottom
|   0|0x0000000705000000, 0x0000000705200000, 0x0000000705200000|100%|HS|  |TAMS 0x0000000705000000| PB 0x0000000705000000| Complete 
|   1|0x0000000705200000, 0x0000000705400000, 0x0000000705400000|100%|HC|  |TAMS 0x0000000705200000| PB 0x0000000705200000| Complete 
|   2|0x0000000705400000, 0x0000000705400000, 0x0000000705600000|  0%| F|  |TAMS 0x0000000705400000| PB 0x0000000705400000| Untracked 
|   3|0x0000000705600000, 0x0000000705600000, 0x0000000705800000|  0%| F|  |TAMS 0x0000000705600000| PB 0x0000000705600000| Untracked 
|   4|0x0000000705800000, 0x0000000705800000, 0x0000000705a00000|  0%| F|  |TAMS 0x0000000705800000| PB 0x0000000705800000| Untracked 
|   5|0x0000000705a00000, 0x0000000705a00000, 0x0000000705c00000|  0%| F|  |TAMS 0x0000000705a00000| PB 0x0000000705a00000| Untracked 
|   6|0x0000000705c00000, 0x0000000705c00000, 0x0000000705e00000|  0%| F|  |TAMS 0x0000000705c00000| PB 0x0000000705c00000| Untracked 
|   7|0x0000000705e00000, 0x0000000705e00000, 0x0000000706000000|  0%| F|  |TAMS 0x0000000705e00000| PB 0x0000000705e00000| Untracked 
|   8|0x0000000706000000, 0x0000000706000000, 0x0000000706200000|  0%| F|  |TAMS 0x0000000706000000| PB 0x0000000706000000| Untracked 
|   9|0x0000000706200000, 0x0000000706200000, 0x0000000706400000|  0%| F|  |TAMS 0x0000000706200000| PB 0x0000000706200000| Untracked 
|  10|0x0000000706400000, 0x0000000706400000, 0x0000000706600000|  0%| F|  |TAMS 0x0000000706400000| PB 0x0000000706400000| Untracked 
|  11|0x0000000706600000, 0x0000000706600000, 0x0000000706800000|  0%| F|  |TAMS 0x0000000706600000| PB 0x0000000706600000| Untracked 
|  12|0x0000000706800000, 0x0000000706800000, 0x0000000706a00000|  0%| F|  |TAMS 0x0000000706800000| PB 0x0000000706800000| Untracked 
|  13|0x0000000706a00000, 0x0000000706a00000, 0x0000000706c00000|  0%| F|  |TAMS 0x0000000706a00000| PB 0x0000000706a00000| Untracked 
|  14|0x0000000706c00000, 0x0000000706c00000, 0x0000000706e00000|  0%| F|  |TAMS 0x0000000706c00000| PB 0x0000000706c00000| Untracked 
|  15|0x0000000706e00000, 0x0000000706e00000, 0x0000000707000000|  0%| F|  |TAMS 0x0000000706e00000| PB 0x0000000706e00000| Untracked 
|  16|0x0000000707000000, 0x0000000707000000, 0x0000000707200000|  0%| F|  |TAMS 0x0000000707000000| PB 0x0000000707000000| Untracked 
|  17|0x0000000707200000, 0x0000000707200000, 0x0000000707400000|  0%| F|  |TAMS 0x0000000707200000| PB 0x0000000707200000| Untracked 
|  18|0x0000000707400000, 0x0000000707400000, 0x0000000707600000|  0%| F|  |TAMS 0x0000000707400000| PB 0x0000000707400000| Untracked 
|  19|0x0000000707600000, 0x0000000707600000, 0x0000000707800000|  0%| F|  |TAMS 0x0000000707600000| PB 0x0000000707600000| Untracked 
|  20|0x0000000707800000, 0x0000000707800000, 0x0000000707a00000|  0%| F|  |TAMS 0x0000000707800000| PB 0x0000000707800000| Untracked 
|  21|0x0000000707a00000, 0x0000000707a00000, 0x0000000707c00000|  0%| F|  |TAMS 0x0000000707a00000| PB 0x0000000707a00000| Untracked 
|  22|0x0000000707c00000, 0x0000000707c00000, 0x0000000707e00000|  0%| F|  |TAMS 0x0000000707c00000| PB 0x0000000707c00000| Untracked 
|  23|0x0000000707e00000, 0x0000000707e00000, 0x0000000708000000|  0%| F|  |TAMS 0x0000000707e00000| PB 0x0000000707e00000| Untracked 
|  24|0x0000000708000000, 0x0000000708000000, 0x0000000708200000|  0%| F|  |TAMS 0x0000000708000000| PB 0x0000000708000000| Untracked 
|  25|0x0000000708200000, 0x0000000708200000, 0x0000000708400000|  0%| F|  |TAMS 0x0000000708200000| PB 0x0000000708200000| Untracked 
|  26|0x0000000708400000, 0x0000000708400000, 0x0000000708600000|  0%| F|  |TAMS 0x0000000708400000| PB 0x0000000708400000| Untracked 
|  27|0x0000000708600000, 0x0000000708600000, 0x0000000708800000|  0%| F|  |TAMS 0x0000000708600000| PB 0x0000000708600000| Untracked 
|  28|0x0000000708800000, 0x0000000708800000, 0x0000000708a00000|  0%| F|  |TAMS 0x0000000708800000| PB 0x0000000708800000| Untracked 
|  29|0x0000000708a00000, 0x0000000708a00000, 0x0000000708c00000|  0%| F|  |TAMS 0x0000000708a00000| PB 0x0000000708a00000| Untracked 
|  30|0x0000000708c00000, 0x0000000708c00000, 0x0000000708e00000|  0%| F|  |TAMS 0x0000000708c00000| PB 0x0000000708c00000| Untracked 
|  31|0x0000000708e00000, 0x0000000708e00000, 0x0000000709000000|  0%| F|  |TAMS 0x0000000708e00000| PB 0x0000000708e00000| Untracked 
|  32|0x0000000709000000, 0x0000000709000000, 0x0000000709200000|  0%| F|  |TAMS 0x0000000709000000| PB 0x0000000709000000| Untracked 
|  33|0x0000000709200000, 0x0000000709200000, 0x0000000709400000|  0%| F|  |TAMS 0x0000000709200000| PB 0x0000000709200000| Untracked 
|  34|0x0000000709400000, 0x0000000709400000, 0x0000000709600000|  0%| F|  |TAMS 0x0000000709400000| PB 0x0000000709400000| Untracked 
|  35|0x0000000709600000, 0x0000000709600000, 0x0000000709800000|  0%| F|  |TAMS 0x0000000709600000| PB 0x0000000709600000| Untracked 
|  36|0x0000000709800000, 0x0000000709800000, 0x0000000709a00000|  0%| F|  |TAMS 0x0000000709800000| PB 0x0000000709800000| Untracked 
|  37|0x0000000709a00000, 0x0000000709a00000, 0x0000000709c00000|  0%| F|  |TAMS 0x0000000709a00000| PB 0x0000000709a00000| Untracked 
|  38|0x0000000709c00000, 0x0000000709c00000, 0x0000000709e00000|  0%| F|  |TAMS 0x0000000709c00000| PB 0x0000000709c00000| Untracked 
|  39|0x0000000709e00000, 0x0000000709e00000, 0x000000070a000000|  0%| F|  |TAMS 0x0000000709e00000| PB 0x0000000709e00000| Untracked 
|  40|0x000000070a000000, 0x000000070a000000, 0x000000070a200000|  0%| F|  |TAMS 0x000000070a000000| PB 0x000000070a000000| Untracked 
|  41|0x000000070a200000, 0x000000070a200000, 0x000000070a400000|  0%| F|  |TAMS 0x000000070a200000| PB 0x000000070a200000| Untracked 
|  42|0x000000070a400000, 0x000000070a400000, 0x000000070a600000|  0%| F|  |TAMS 0x000000070a400000| PB 0x000000070a400000| Untracked 
|  43|0x000000070a600000, 0x000000070a600000, 0x000000070a800000|  0%| F|  |TAMS 0x000000070a600000| PB 0x000000070a600000| Untracked 
|  44|0x000000070a800000, 0x000000070a800000, 0x000000070aa00000|  0%| F|  |TAMS 0x000000070a800000| PB 0x000000070a800000| Untracked 
|  45|0x000000070aa00000, 0x000000070aa00000, 0x000000070ac00000|  0%| F|  |TAMS 0x000000070aa00000| PB 0x000000070aa00000| Untracked 
|  46|0x000000070ac00000, 0x000000070ac00000, 0x000000070ae00000|  0%| F|  |TAMS 0x000000070ac00000| PB 0x000000070ac00000| Untracked 
|  47|0x000000070ae00000, 0x000000070ae00000, 0x000000070b000000|  0%| F|  |TAMS 0x000000070ae00000| PB 0x000000070ae00000| Untracked 
|  48|0x000000070b000000, 0x000000070b000000, 0x000000070b200000|  0%| F|  |TAMS 0x000000070b000000| PB 0x000000070b000000| Untracked 
|  49|0x000000070b200000, 0x000000070b200000, 0x000000070b400000|  0%| F|  |TAMS 0x000000070b200000| PB 0x000000070b200000| Untracked 
|  50|0x000000070b400000, 0x000000070b400000, 0x000000070b600000|  0%| F|  |TAMS 0x000000070b400000| PB 0x000000070b400000| Untracked 
|  51|0x000000070b600000, 0x000000070b600000, 0x000000070b800000|  0%| F|  |TAMS 0x000000070b600000| PB 0x000000070b600000| Untracked 
|  52|0x000000070b800000, 0x000000070b800000, 0x000000070ba00000|  0%| F|  |TAMS 0x000000070b800000| PB 0x000000070b800000| Untracked 
|  53|0x000000070ba00000, 0x000000070ba00000, 0x000000070bc00000|  0%| F|  |TAMS 0x000000070ba00000| PB 0x000000070ba00000| Untracked 
|  54|0x000000070bc00000, 0x000000070bc00000, 0x000000070be00000|  0%| F|  |TAMS 0x000000070bc00000| PB 0x000000070bc00000| Untracked 
|  55|0x000000070be00000, 0x000000070be00000, 0x000000070c000000|  0%| F|  |TAMS 0x000000070be00000| PB 0x000000070be00000| Untracked 
|  56|0x000000070c000000, 0x000000070c000000, 0x000000070c200000|  0%| F|  |TAMS 0x000000070c000000| PB 0x000000070c000000| Untracked 
|  57|0x000000070c200000, 0x000000070c200000, 0x000000070c400000|  0%| F|  |TAMS 0x000000070c200000| PB 0x000000070c200000| Untracked 
|  58|0x000000070c400000, 0x000000070c400000, 0x000000070c600000|  0%| F|  |TAMS 0x000000070c400000| PB 0x000000070c400000| Untracked 
|  59|0x000000070c600000, 0x000000070c600000, 0x000000070c800000|  0%| F|  |TAMS 0x000000070c600000| PB 0x000000070c600000| Untracked 
|  60|0x000000070c800000, 0x000000070c800000, 0x000000070ca00000|  0%| F|  |TAMS 0x000000070c800000| PB 0x000000070c800000| Untracked 
|  61|0x000000070ca00000, 0x000000070ca00000, 0x000000070cc00000|  0%| F|  |TAMS 0x000000070ca00000| PB 0x000000070ca00000| Untracked 
|  62|0x000000070cc00000, 0x000000070cc00000, 0x000000070ce00000|  0%| F|  |TAMS 0x000000070cc00000| PB 0x000000070cc00000| Untracked 
|  63|0x000000070ce00000, 0x000000070ce00000, 0x000000070d000000|  0%| F|  |TAMS 0x000000070ce00000| PB 0x000000070ce00000| Untracked 
|  64|0x000000070d000000, 0x000000070d000000, 0x000000070d200000|  0%| F|  |TAMS 0x000000070d000000| PB 0x000000070d000000| Untracked 
|  65|0x000000070d200000, 0x000000070d200000, 0x000000070d400000|  0%| F|  |TAMS 0x000000070d200000| PB 0x000000070d200000| Untracked 
|  66|0x000000070d400000, 0x000000070d400000, 0x000000070d600000|  0%| F|  |TAMS 0x000000070d400000| PB 0x000000070d400000| Untracked 
|  67|0x000000070d600000, 0x000000070d600000, 0x000000070d800000|  0%| F|  |TAMS 0x000000070d600000| PB 0x000000070d600000| Untracked 
|  68|0x000000070d800000, 0x000000070d800000, 0x000000070da00000|  0%| F|  |TAMS 0x000000070d800000| PB 0x000000070d800000| Untracked 
|  69|0x000000070da00000, 0x000000070da00000, 0x000000070dc00000|  0%| F|  |TAMS 0x000000070da00000| PB 0x000000070da00000| Untracked 
|  70|0x000000070dc00000, 0x000000070dc00000, 0x000000070de00000|  0%| F|  |TAMS 0x000000070dc00000| PB 0x000000070dc00000| Untracked 
|  71|0x000000070de00000, 0x000000070de00000, 0x000000070e000000|  0%| F|  |TAMS 0x000000070de00000| PB 0x000000070de00000| Untracked 
|  72|0x000000070e000000, 0x000000070e000000, 0x000000070e200000|  0%| F|  |TAMS 0x000000070e000000| PB 0x000000070e000000| Untracked 
|  73|0x000000070e200000, 0x000000070e200000, 0x000000070e400000|  0%| F|  |TAMS 0x000000070e200000| PB 0x000000070e200000| Untracked 
|  74|0x000000070e400000, 0x000000070e400000, 0x000000070e600000|  0%| F|  |TAMS 0x000000070e400000| PB 0x000000070e400000| Untracked 
|  75|0x000000070e600000, 0x000000070e600000, 0x000000070e800000|  0%| F|  |TAMS 0x000000070e600000| PB 0x000000070e600000| Untracked 
|  76|0x000000070e800000, 0x000000070e800000, 0x000000070ea00000|  0%| F|  |TAMS 0x000000070e800000| PB 0x000000070e800000| Untracked 
|  77|0x000000070ea00000, 0x000000070ea00000, 0x000000070ec00000|  0%| F|  |TAMS 0x000000070ea00000| PB 0x000000070ea00000| Untracked 
|  78|0x000000070ec00000, 0x000000070ec00000, 0x000000070ee00000|  0%| F|  |TAMS 0x000000070ec00000| PB 0x000000070ec00000| Untracked 
|  79|0x000000070ee00000, 0x000000070ee00000, 0x000000070f000000|  0%| F|  |TAMS 0x000000070ee00000| PB 0x000000070ee00000| Untracked 
|  80|0x000000070f000000, 0x000000070f000000, 0x000000070f200000|  0%| F|  |TAMS 0x000000070f000000| PB 0x000000070f000000| Untracked 
|  81|0x000000070f200000, 0x000000070f200000, 0x000000070f400000|  0%| F|  |TAMS 0x000000070f200000| PB 0x000000070f200000| Untracked 
|  82|0x000000070f400000, 0x000000070f400000, 0x000000070f600000|  0%| F|  |TAMS 0x000000070f400000| PB 0x000000070f400000| Untracked 
|  83|0x000000070f600000, 0x000000070f600000, 0x000000070f800000|  0%| F|  |TAMS 0x000000070f600000| PB 0x000000070f600000| Untracked 
|  84|0x000000070f800000, 0x000000070f800000, 0x000000070fa00000|  0%| F|  |TAMS 0x000000070f800000| PB 0x000000070f800000| Untracked 
|  85|0x000000070fa00000, 0x000000070fa00000, 0x000000070fc00000|  0%| F|  |TAMS 0x000000070fa00000| PB 0x000000070fa00000| Untracked 
|  86|0x000000070fc00000, 0x000000070fc00000, 0x000000070fe00000|  0%| F|  |TAMS 0x000000070fc00000| PB 0x000000070fc00000| Untracked 
|  87|0x000000070fe00000, 0x000000070fe00000, 0x0000000710000000|  0%| F|  |TAMS 0x000000070fe00000| PB 0x000000070fe00000| Untracked 
|  88|0x0000000710000000, 0x0000000710000000, 0x0000000710200000|  0%| F|  |TAMS 0x0000000710000000| PB 0x0000000710000000| Untracked 
|  89|0x0000000710200000, 0x0000000710200000, 0x0000000710400000|  0%| F|  |TAMS 0x0000000710200000| PB 0x0000000710200000| Untracked 
|  90|0x0000000710400000, 0x0000000710400000, 0x0000000710600000|  0%| F|  |TAMS 0x0000000710400000| PB 0x0000000710400000| Untracked 
|  91|0x0000000710600000, 0x0000000710600000, 0x0000000710800000|  0%| F|  |TAMS 0x0000000710600000| PB 0x0000000710600000| Untracked 
|  92|0x0000000710800000, 0x0000000710800000, 0x0000000710a00000|  0%| F|  |TAMS 0x0000000710800000| PB 0x0000000710800000| Untracked 
|  93|0x0000000710a00000, 0x0000000710a00000, 0x0000000710c00000|  0%| F|  |TAMS 0x0000000710a00000| PB 0x0000000710a00000| Untracked 
|  94|0x0000000710c00000, 0x0000000710c00000, 0x0000000710e00000|  0%| F|  |TAMS 0x0000000710c00000| PB 0x0000000710c00000| Untracked 
|  95|0x0000000710e00000, 0x0000000710e00000, 0x0000000711000000|  0%| F|  |TAMS 0x0000000710e00000| PB 0x0000000710e00000| Untracked 
|  96|0x0000000711000000, 0x0000000711000000, 0x0000000711200000|  0%| F|  |TAMS 0x0000000711000000| PB 0x0000000711000000| Untracked 
|  97|0x0000000711200000, 0x0000000711200000, 0x0000000711400000|  0%| F|  |TAMS 0x0000000711200000| PB 0x0000000711200000| Untracked 
|  98|0x0000000711400000, 0x0000000711400000, 0x0000000711600000|  0%| F|  |TAMS 0x0000000711400000| PB 0x0000000711400000| Untracked 
|  99|0x0000000711600000, 0x0000000711600000, 0x0000000711800000|  0%| F|  |TAMS 0x0000000711600000| PB 0x0000000711600000| Untracked 
| 100|0x0000000711800000, 0x0000000711800000, 0x0000000711a00000|  0%| F|  |TAMS 0x0000000711800000| PB 0x0000000711800000| Untracked 
| 101|0x0000000711a00000, 0x0000000711a00000, 0x0000000711c00000|  0%| F|  |TAMS 0x0000000711a00000| PB 0x0000000711a00000| Untracked 
| 102|0x0000000711c00000, 0x0000000711c00000, 0x0000000711e00000|  0%| F|  |TAMS 0x0000000711c00000| PB 0x0000000711c00000| Untracked 
| 103|0x0000000711e00000, 0x0000000711e00000, 0x0000000712000000|  0%| F|  |TAMS 0x0000000711e00000| PB 0x0000000711e00000| Untracked 
| 104|0x0000000712000000, 0x0000000712000000, 0x0000000712200000|  0%| F|  |TAMS 0x0000000712000000| PB 0x0000000712000000| Untracked 
| 105|0x0000000712200000, 0x0000000712200000, 0x0000000712400000|  0%| F|  |TAMS 0x0000000712200000| PB 0x0000000712200000| Untracked 
| 106|0x0000000712400000, 0x0000000712400000, 0x0000000712600000|  0%| F|  |TAMS 0x0000000712400000| PB 0x0000000712400000| Untracked 
| 107|0x0000000712600000, 0x0000000712600000, 0x0000000712800000|  0%| F|  |TAMS 0x0000000712600000| PB 0x0000000712600000| Untracked 
| 108|0x0000000712800000, 0x0000000712800000, 0x0000000712a00000|  0%| F|  |TAMS 0x0000000712800000| PB 0x0000000712800000| Untracked 
| 109|0x0000000712a00000, 0x0000000712a00000, 0x0000000712c00000|  0%| F|  |TAMS 0x0000000712a00000| PB 0x0000000712a00000| Untracked 
| 110|0x0000000712c00000, 0x0000000712c00000, 0x0000000712e00000|  0%| F|  |TAMS 0x0000000712c00000| PB 0x0000000712c00000| Untracked 
| 111|0x0000000712e00000, 0x0000000712e00000, 0x0000000713000000|  0%| F|  |TAMS 0x0000000712e00000| PB 0x0000000712e00000| Untracked 
| 112|0x0000000713000000, 0x0000000713000000, 0x0000000713200000|  0%| F|  |TAMS 0x0000000713000000| PB 0x0000000713000000| Untracked 
| 113|0x0000000713200000, 0x00000007132f5b60, 0x0000000713400000| 47%| S|CS|TAMS 0x0000000713200000| PB 0x0000000713200000| Complete 
| 114|0x0000000713400000, 0x0000000713600000, 0x0000000713600000|100%| S|CS|TAMS 0x0000000713400000| PB 0x0000000713400000| Complete 
| 115|0x0000000713600000, 0x0000000713600000, 0x0000000713800000|  0%| F|  |TAMS 0x0000000713600000| PB 0x0000000713600000| Untracked 
| 116|0x0000000713800000, 0x0000000713800000, 0x0000000713a00000|  0%| F|  |TAMS 0x0000000713800000| PB 0x0000000713800000| Untracked 
| 117|0x0000000713a00000, 0x0000000713a00000, 0x0000000713c00000|  0%| F|  |TAMS 0x0000000713a00000| PB 0x0000000713a00000| Untracked 
| 118|0x0000000713c00000, 0x0000000713dd3e00, 0x0000000713e00000| 91%| E|  |TAMS 0x0000000713c00000| PB 0x0000000713c00000| Complete 
| 119|0x0000000713e00000, 0x0000000714000000, 0x0000000714000000|100%| E|CS|TAMS 0x0000000713e00000| PB 0x0000000713e00000| Complete 
| 120|0x0000000714000000, 0x0000000714200000, 0x0000000714200000|100%| E|CS|TAMS 0x0000000714000000| PB 0x0000000714000000| Complete 
| 121|0x0000000714200000, 0x0000000714400000, 0x0000000714400000|100%| E|CS|TAMS 0x0000000714200000| PB 0x0000000714200000| Complete 
| 122|0x0000000714400000, 0x0000000714600000, 0x0000000714600000|100%| E|CS|TAMS 0x0000000714400000| PB 0x0000000714400000| Complete 
| 123|0x0000000714600000, 0x0000000714800000, 0x0000000714800000|100%| E|CS|TAMS 0x0000000714600000| PB 0x0000000714600000| Complete 
| 124|0x0000000714800000, 0x0000000714a00000, 0x0000000714a00000|100%| E|CS|TAMS 0x0000000714800000| PB 0x0000000714800000| Complete 
| 125|0x0000000714a00000, 0x0000000714c00000, 0x0000000714c00000|100%| E|CS|TAMS 0x0000000714a00000| PB 0x0000000714a00000| Complete 

Card table byte_map: [0x000001f3e6e60000,0x000001f3e7640000] _byte_map_base: 0x000001f3e3638000

Marking Bits: (CMBitMap*) 0x000001f3d403f990
 Bits: [0x000001f3e7640000, 0x000001f3eb500000)

Polling page: 0x000001f3d1e40000

Metaspace:

Usage:
  Non-class:     15.83 MB used.
      Class:      1.78 MB used.
       Both:     17.61 MB used.

Virtual space:
  Non-class space:       64.00 MB reserved,      15.88 MB ( 25%) committed,  1 nodes.
      Class space:        1.00 GB reserved,       1.88 MB ( <1%) committed,  1 nodes.
             Both:        1.06 GB reserved,      17.75 MB (  2%) committed. 

Chunk freelists:
   Non-Class:  15.80 MB
       Class:  13.98 MB
        Both:  29.78 MB

MaxMetaspaceSize: unlimited
CompressedClassSpaceSize: 1.00 GB
Initial GC threshold: 21.00 MB
Current GC threshold: 21.00 MB
CDS: off
 - commit_granule_bytes: 65536.
 - commit_granule_words: 8192.
 - virtual_space_node_default_size: 8388608.
 - enlarge_chunks_in_place: 1.
 - use_allocation_guard: 0.


Internal statistics:

num_allocs_failed_limit: 0.
num_arena_births: 76.
num_arena_deaths: 0.
num_vsnodes_births: 2.
num_vsnodes_deaths: 0.
num_space_committed: 284.
num_space_uncommitted: 0.
num_chunks_returned_to_freelist: 0.
num_chunks_taken_from_freelist: 435.
num_chunk_merges: 0.
num_chunk_splits: 326.
num_chunks_enlarged: 285.
num_inconsistent_stats: 0.

CodeHeap 'non-profiled nmethods': size=120000Kb used=307Kb max_used=307Kb free=119692Kb
 bounds [0x000001f3dec00000, 0x000001f3dee70000, 0x000001f3e6130000]
CodeHeap 'profiled nmethods': size=120000Kb used=1756Kb max_used=1756Kb free=118243Kb
 bounds [0x000001f3d7130000, 0x000001f3d73a0000, 0x000001f3de660000]
CodeHeap 'non-nmethods': size=5760Kb used=1339Kb max_used=1355Kb free=4420Kb
 bounds [0x000001f3de660000, 0x000001f3de8d0000, 0x000001f3dec00000]
 total_blobs=1491 nmethods=1029 adapters=367
 compilation: enabled
              stopped_count=0, restarted_count=0
 full_count=0

Compilation events (20 events):
Event: 0.514 Thread 0x000001f3ee3623e0 1020       3       sun.invoke.util.Wrapper::stackSlots (9 bytes)
Event: 0.514 Thread 0x000001f3ee3623e0 nmethod 1020 0x000001f3d72e1f90 code [0x000001f3d72e2120, 0x000001f3d72e2230]
Event: 0.514 Thread 0x000001f3ee3623e0 1021       3       jdk.internal.loader.AbstractClassLoaderValue::map (20 bytes)
Event: 0.515 Thread 0x000001f3ee3623e0 nmethod 1021 0x000001f3d72e2290 code [0x000001f3d72e2460, 0x000001f3d72e2720]
Event: 0.515 Thread 0x000001f3ee3623e0 1022       3       java.util.Arrays::hashCode (56 bytes)
Event: 0.515 Thread 0x000001f3ee3623e0 nmethod 1022 0x000001f3d72e2890 code [0x000001f3d72e2a60, 0x000001f3d72e2da8]
Event: 0.515 Thread 0x000001f3ee3623e0 1023       3       java.lang.reflect.ProxyGenerator::dotToSlash (9 bytes)
Event: 0.515 Thread 0x000001f3ee3623e0 nmethod 1023 0x000001f3d72e2f10 code [0x000001f3d72e30c0, 0x000001f3d72e31f0]
Event: 0.515 Thread 0x000001f3ee3623e0 1025       3       jdk.internal.org.objectweb.asm.Frame::merge (395 bytes)
Event: 0.516 Thread 0x000001f3ee3623e0 nmethod 1025 0x000001f3d72e3290 code [0x000001f3d72e3540, 0x000001f3d72e4340]
Event: 0.516 Thread 0x000001f3ee3623e0 1026       3       java.lang.ClassLoader::createOrGetClassLoaderValueMap (37 bytes)
Event: 0.516 Thread 0x000001f3ee3623e0 nmethod 1026 0x000001f3d72e4990 code [0x000001f3d72e4b60, 0x000001f3d72e4ed0]
Event: 0.516 Thread 0x000001f3ee3623e0 1024       3       jdk.internal.org.objectweb.asm.Edge::<init> (20 bytes)
Event: 0.516 Thread 0x000001f3ee3623e0 nmethod 1024 0x000001f3d72e5010 code [0x000001f3d72e51c0, 0x000001f3d72e53f8]
Event: 0.516 Thread 0x000001f3ee3623e0 1027       3       java.lang.Class::getMethod (59 bytes)
Event: 0.516 Thread 0x000001f3ee3623e0 nmethod 1027 0x000001f3d72e5490 code [0x000001f3d72e5740, 0x000001f3d72e62b8]
Event: 0.516 Thread 0x000001f3ee3623e0 1028       3       java.lang.Class::getMethod0 (31 bytes)
Event: 0.517 Thread 0x000001f3ee3623e0 nmethod 1028 0x000001f3d72e6790 code [0x000001f3d72e6960, 0x000001f3d72e6b78]
Event: 0.517 Thread 0x000001f3ee3623e0 1029       3       java.lang.PublicMethods$MethodList::getMostSpecific (63 bytes)
Event: 0.517 Thread 0x000001f3ee3623e0 nmethod 1029 0x000001f3d72e6c90 code [0x000001f3d72e6e60, 0x000001f3d72e7158]

GC Heap History (2 events):
Event: 0.396 GC heap before
{Heap before GC invocations=0 (full 0):
 garbage-first heap   total 258048K, used 24576K [0x0000000705000000, 0x0000000800000000)
  region size 2048K, 11 young (22528K), 0 survivors (0K)
 Metaspace       used 13955K, committed 14144K, reserved 1114112K
  class space    used 1256K, committed 1344K, reserved 1048576K
}
Event: 0.399 GC heap after
{Heap after GC invocations=1 (full 0):
 garbage-first heap   total 258048K, used 7126K [0x0000000705000000, 0x0000000800000000)
  region size 2048K, 2 young (4096K), 2 survivors (4096K)
 Metaspace       used 13955K, committed 14144K, reserved 1114112K
  class space    used 1256K, committed 1344K, reserved 1048576K
}

Dll operation events (2 events):
Event: 0.006 Loaded shared library C:\Program Files\Android\Android Studio\jbr\bin\java.dll
Event: 0.012 Loaded shared library C:\Program Files\Android\Android Studio\jbr\bin\zip.dll

Deoptimization events (20 events):
Event: 0.366 Thread 0x000001f3d1c23070 DEOPT PACKING pc=0x000001f3dec1ea84 sp=0x00000046595fe3d0
Event: 0.366 Thread 0x000001f3d1c23070 DEOPT UNPACKING pc=0x000001f3de6b46a2 sp=0x00000046595fe368 mode 2
Event: 0.399 Thread 0x000001f3ee33f210 Uncommon trap: trap_request=0xffffff45 fr.pc=0x000001f3dec1cf60 relative=0x0000000000000040
Event: 0.399 Thread 0x000001f3ee33f210 Uncommon trap: reason=unstable_if action=reinterpret pc=0x000001f3dec1cf60 method=java.util.concurrent.locks.AbstractQueuedSynchronizer.signalNext(Ljava/util/concurrent/locks/AbstractQueuedSynchronizer$Node;)V @ 1 c2
Event: 0.399 Thread 0x000001f3ee33f210 DEOPT PACKING pc=0x000001f3dec1cf60 sp=0x0000004659dfee70
Event: 0.399 Thread 0x000001f3ee33f210 DEOPT UNPACKING pc=0x000001f3de6b46a2 sp=0x0000004659dfee00 mode 2
Event: 0.431 Thread 0x000001f3d1c23070 Uncommon trap: trap_request=0xffffff45 fr.pc=0x000001f3dec2a8b4 relative=0x00000000000000f4
Event: 0.431 Thread 0x000001f3d1c23070 Uncommon trap: reason=unstable_if action=reinterpret pc=0x000001f3dec2a8b4 method=sun.reflect.generics.parser.SignatureParser.current()C @ 39 c2
Event: 0.431 Thread 0x000001f3d1c23070 DEOPT PACKING pc=0x000001f3dec2a8b4 sp=0x00000046595fc930
Event: 0.431 Thread 0x000001f3d1c23070 DEOPT UNPACKING pc=0x000001f3de6b46a2 sp=0x00000046595fc8c8 mode 2
Event: 0.452 Thread 0x000001f3d1c23070 DEOPT PACKING pc=0x000001f3d718fcc5 sp=0x00000046595fc970
Event: 0.452 Thread 0x000001f3d1c23070 DEOPT UNPACKING pc=0x000001f3de6b4e42 sp=0x00000046595fbe78 mode 0
Event: 0.462 Thread 0x000001f3d1c23070 DEOPT PACKING pc=0x000001f3d717a945 sp=0x00000046595fe340
Event: 0.462 Thread 0x000001f3d1c23070 DEOPT UNPACKING pc=0x000001f3de6b4e42 sp=0x00000046595fd790 mode 0
Event: 0.467 Thread 0x000001f3d1c23070 Uncommon trap: trap_request=0xffffff45 fr.pc=0x000001f3dec498c4 relative=0x0000000000000484
Event: 0.467 Thread 0x000001f3d1c23070 Uncommon trap: reason=unstable_if action=reinterpret pc=0x000001f3dec498c4 method=java.lang.StringLatin1.indexOf([BI[BII)I @ 27 c2
Event: 0.467 Thread 0x000001f3d1c23070 DEOPT PACKING pc=0x000001f3dec498c4 sp=0x00000046595fe3b0
Event: 0.467 Thread 0x000001f3d1c23070 DEOPT UNPACKING pc=0x000001f3de6b46a2 sp=0x00000046595fe310 mode 2
Event: 0.491 Thread 0x000001f3d1c23070 DEOPT PACKING pc=0x000001f3d72d5f45 sp=0x00000046595f7cd0
Event: 0.491 Thread 0x000001f3d1c23070 DEOPT UNPACKING pc=0x000001f3de6b4e42 sp=0x00000046595f7120 mode 0

Classes loaded (20 events):
Event: 0.510 Loading class java/util/concurrent/atomic/AtomicLongFieldUpdater$CASUpdater
Event: 0.510 Loading class java/util/concurrent/atomic/AtomicLongFieldUpdater$CASUpdater done
Event: 0.510 Loading class java/util/concurrent/atomic/AtomicLongFieldUpdater$CASUpdater$1
Event: 0.510 Loading class java/util/concurrent/atomic/AtomicLongFieldUpdater$CASUpdater$1 done
Event: 0.510 Loading class java/util/concurrent/atomic/AtomicBoolean
Event: 0.510 Loading class java/util/concurrent/atomic/AtomicBoolean done
Event: 0.511 Loading class java/lang/invoke/VarHandleInts$FieldInstanceReadWrite
Event: 0.511 Loading class java/lang/invoke/VarHandleInts$FieldInstanceReadOnly
Event: 0.511 Loading class java/lang/invoke/VarHandleInts$FieldInstanceReadOnly done
Event: 0.511 Loading class java/lang/invoke/VarHandleInts$FieldInstanceReadWrite done
Event: 0.512 Loading class java/lang/SecurityException
Event: 0.512 Loading class java/lang/SecurityException done
Event: 0.512 Loading class sun/misc/Unsafe
Event: 0.512 Loading class sun/misc/Unsafe done
Event: 0.514 Loading class jdk/internal/reflect/MethodHandleObjectFieldAccessorImpl
Event: 0.514 Loading class jdk/internal/reflect/MethodHandleFieldAccessorImpl
Event: 0.514 Loading class jdk/internal/reflect/MethodHandleFieldAccessorImpl done
Event: 0.514 Loading class jdk/internal/reflect/MethodHandleObjectFieldAccessorImpl done
Event: 0.517 Loading class java/util/AbstractMap$SimpleImmutableEntry
Event: 0.517 Loading class java/util/AbstractMap$SimpleImmutableEntry done

Classes unloaded (0 events):
No events

Classes redefined (0 events):
No events

Internal exceptions (20 events):
Event: 0.269 Thread 0x000001f3d1c23070 Exception <a 'java/lang/NoSuchMethodError'{0x0000000713e77260}: 'int java.lang.invoke.DirectMethodHandle$Holder.invokeSpecial(java.lang.Object, java.lang.Object, java.lang.Object, int)'> (0x0000000713e77260) 
thrown [s\src\hotspot\share\interpreter\linkResolver.cpp, line 784]
Event: 0.271 Thread 0x000001f3d1c23070 Exception <a 'java/lang/NoSuchMethodError'{0x0000000713e8a088}: 'java.lang.Object java.lang.invoke.DirectMethodHandle$Holder.invokeStatic(java.lang.Object, java.lang.Object, java.lang.Object, java.lang.Object, int)'> (0x0000000713e8a088) 
thrown [s\src\hotspot\share\interpreter\linkResolver.cpp, line 784]
Event: 0.271 Thread 0x000001f3d1c23070 Exception <a 'java/lang/NoSuchMethodError'{0x0000000713e951d8}: 'void java.lang.invoke.DelegatingMethodHandle$Holder.reinvoke_L(java.lang.Object, java.lang.Object, int)'> (0x0000000713e951d8) 
thrown [s\src\hotspot\share\interpreter\linkResolver.cpp, line 784]
Event: 0.272 Thread 0x000001f3d1c23070 Exception <a 'java/lang/NoSuchMethodError'{0x0000000713e98d78}: 'int java.lang.invoke.DirectMethodHandle$Holder.invokeSpecial(java.lang.Object, java.lang.Object, java.lang.Object)'> (0x0000000713e98d78) 
thrown [s\src\hotspot\share\interpreter\linkResolver.cpp, line 784]
Event: 0.273 Thread 0x000001f3d1c23070 Exception <a 'java/lang/NoSuchMethodError'{0x0000000713ea7f88}: 'void java.lang.invoke.DirectMethodHandle$Holder.invokeSpecial(java.lang.Object, java.lang.Object, java.lang.Object)'> (0x0000000713ea7f88) 
thrown [s\src\hotspot\share\interpreter\linkResolver.cpp, line 784]
Event: 0.335 Thread 0x000001f3d1c23070 Exception <a 'java/lang/NoSuchMethodError'{0x0000000713a4a730}: 'void java.lang.invoke.DirectMethodHandle$Holder.invokeStatic(java.lang.Object, java.lang.Object, java.lang.Object, java.lang.Object)'> (0x0000000713a4a730) 
thrown [s\src\hotspot\share\interpreter\linkResolver.cpp, line 784]
Event: 0.336 Thread 0x000001f3d1c23070 Exception <a 'java/lang/NoSuchMethodError'{0x0000000713a534e8}: 'void java.lang.invoke.DirectMethodHandle$Holder.invokeStatic(java.lang.Object, java.lang.Object, java.lang.Object)'> (0x0000000713a534e8) 
thrown [s\src\hotspot\share\interpreter\linkResolver.cpp, line 784]
Event: 0.336 Thread 0x000001f3d1c23070 Exception <a 'java/lang/NoSuchMethodError'{0x0000000713a56998}: 'void java.lang.invoke.DirectMethodHandle$Holder.invokeStaticInit(java.lang.Object, java.lang.Object, java.lang.Object)'> (0x0000000713a56998) 
thrown [s\src\hotspot\share\interpreter\linkResolver.cpp, line 784]
Event: 0.358 Thread 0x000001f3d1c23070 Exception <a 'java/lang/NoSuchMethodError'{0x00000007138a69a8}: 'java.lang.Object java.lang.invoke.DirectMethodHandle$Holder.newInvokeSpecial(java.lang.Object, java.lang.Object, java.lang.Object, java.lang.Object, java.lang.Object)'> (0x00000007138a69a8) 
thrown [s\src\hotspot\share\interpreter\linkResolver.cpp, line 784]
Event: 0.435 Thread 0x000001f3d1c23070 Exception <a 'java/lang/NoSuchMethodError'{0x00000007144bd0f0}: 'java.lang.Object java.lang.invoke.DirectMethodHandle$Holder.invokeStaticInit(java.lang.Object, java.lang.Object, java.lang.Object, java.lang.Object)'> (0x00000007144bd0f0) 
thrown [s\src\hotspot\share\interpreter\linkResolver.cpp, line 784]
Event: 0.436 Thread 0x000001f3d1c23070 Exception <a 'java/lang/NoSuchMethodError'{0x00000007144c7cd0}: 'java.lang.Object java.lang.invoke.DirectMethodHandle$Holder.invokeStaticInit(java.lang.Object, int, java.lang.Object, java.lang.Object, java.lang.Object)'> (0x00000007144c7cd0) 
thrown [s\src\hotspot\share\interpreter\linkResolver.cpp, line 784]
Event: 0.460 Thread 0x000001f3d1c23070 Exception <a 'java/lang/NoSuchMethodError'{0x00000007143bd228}: 'java.lang.Object java.lang.invoke.DirectMethodHandle$Holder.invokeStaticInit(java.lang.Object, java.lang.Object, java.lang.Object)'> (0x00000007143bd228) 
thrown [s\src\hotspot\share\interpreter\linkResolver.cpp, line 784]
Event: 0.471 Thread 0x000001f3d1c23070 Exception <a 'sun/nio/fs/WindowsException'{0x000000071408a4d8}> (0x000000071408a4d8) 
thrown [s\src\hotspot\share\prims\jni.cpp, line 535]
Event: 0.472 Thread 0x000001f3d1c23070 Exception <a 'sun/nio/fs/WindowsException'{0x000000071408abf8}> (0x000000071408abf8) 
thrown [s\src\hotspot\share\prims\jni.cpp, line 535]
Event: 0.484 Thread 0x000001f3d1c23070 Exception <a 'sun/nio/fs/WindowsException'{0x0000000713e425e8}> (0x0000000713e425e8) 
thrown [s\src\hotspot\share\prims\jni.cpp, line 535]
Event: 0.493 Thread 0x000001f3d1c23070 Exception <a 'java/lang/NoSuchMethodError'{0x0000000713f005d0}: 'void java.lang.invoke.DirectMethodHandle$Holder.invokeStatic(java.lang.Object, java.lang.Object)'> (0x0000000713f005d0) 
thrown [s\src\hotspot\share\interpreter\linkResolver.cpp, line 784]
Event: 0.495 Thread 0x000001f3d1c23070 Exception <a 'java/lang/NoSuchMethodError'{0x0000000713f246e0}: 'java.lang.Object java.lang.invoke.DirectMethodHandle$Holder.invokeStaticInit(java.lang.Object, int)'> (0x0000000713f246e0) 
thrown [s\src\hotspot\share\interpreter\linkResolver.cpp, line 784]
Event: 0.508 Thread 0x000001f3d1c23070 Exception <a 'java/lang/NoSuchMethodError'{0x0000000713c7bbe0}: 'long java.lang.invoke.DirectMethodHandle$Holder.invokeStatic(java.lang.Object)'> (0x0000000713c7bbe0) 
thrown [s\src\hotspot\share\interpreter\linkResolver.cpp, line 784]
Event: 0.508 Thread 0x000001f3d1c23070 Exception <a 'java/lang/NoSuchMethodError'{0x0000000713c7f0d8}: 'long java.lang.invoke.DirectMethodHandle$Holder.invokeStaticInit(java.lang.Object)'> (0x0000000713c7f0d8) 
thrown [s\src\hotspot\share\interpreter\linkResolver.cpp, line 784]
Event: 0.513 Thread 0x000001f3d1c23070 Exception <a 'java/lang/NoSuchMethodError'{0x0000000713cac228}: 'int java.lang.invoke.DirectMethodHandle$Holder.invokeStaticInit(java.lang.Object, java.lang.Object, java.lang.Object, java.lang.Object)'> (0x0000000713cac228) 
thrown [s\src\hotspot\share\interpreter\linkResolver.cpp, line 784]

ZGC Phase Switch (0 events):
No events

VM Operations (8 events):
Event: 0.092 Executing VM operation: HandshakeAllThreads (Deoptimize)
Event: 0.092 Executing VM operation: HandshakeAllThreads (Deoptimize) done
Event: 0.235 Executing VM operation: HandshakeAllThreads (Deoptimize)
Event: 0.235 Executing VM operation: HandshakeAllThreads (Deoptimize) done
Event: 0.362 Executing VM operation: HandshakeAllThreads (Deoptimize)
Event: 0.362 Executing VM operation: HandshakeAllThreads (Deoptimize) done
Event: 0.396 Executing VM operation: G1CollectForAllocation (G1 Evacuation Pause)
Event: 0.399 Executing VM operation: G1CollectForAllocation (G1 Evacuation Pause) done

Memory protections (0 events):
No events

Nmethod flushes (0 events):
No events

Events (19 events):
Event: 0.011 Thread 0x000001f3d1c23070 Thread added: 0x000001f3d1c23070
Event: 0.042 Thread 0x000001f3d1c23070 Thread added: 0x000001f3ee33f210
Event: 0.042 Thread 0x000001f3d1c23070 Thread added: 0x000001f3ee33f870
Event: 0.043 Thread 0x000001f3d1c23070 Thread added: 0x000001f3ee3575e0
Event: 0.043 Thread 0x000001f3d1c23070 Thread added: 0x000001f3ee357c40
Event: 0.043 Thread 0x000001f3d1c23070 Thread added: 0x000001f3ee358e10
Event: 0.043 Thread 0x000001f3d1c23070 Thread added: 0x000001f3ee35d480
Event: 0.043 Thread 0x000001f3d1c23070 Thread added: 0x000001f3ee35f1c0
Event: 0.043 Thread 0x000001f3d1c23070 Thread added: 0x000001f3ee3623e0
Event: 0.064 Thread 0x000001f3d1c23070 Thread added: 0x000001f3ee5108f0
Event: 0.068 Thread 0x000001f3d1c23070 Thread added: 0x000001f3ee513120
Event: 0.073 Loaded shared library C:\Program Files\Android\Android Studio\jbr\bin\net.dll
Event: 0.075 Loaded shared library C:\Program Files\Android\Android Studio\jbr\bin\nio.dll
Event: 0.083 Thread 0x000001f3ee35f1c0 Thread added: 0x000001f3ee5928b0
Event: 0.084 Thread 0x000001f3ee5928b0 Thread added: 0x000001f3ee592f50
Event: 0.090 Loaded shared library C:\Program Files\Android\Android Studio\jbr\bin\zip.dll
Event: 0.117 Loaded shared library C:\Program Files\Android\Android Studio\jbr\bin\jimage.dll
Event: 0.285 Loaded shared library C:\Program Files\Android\Android Studio\jbr\bin\management.dll
Event: 0.290 Loaded shared library C:\Program Files\Android\Android Studio\jbr\bin\management_ext.dll


Dynamic libraries:
0x00007ff692de0000 - 0x00007ff692dea000 	C:\Program Files\Android\Android Studio\jbr\bin\java.exe
0x00007ff9cf320000 - 0x00007ff9cf588000 	C:\WINDOWS\SYSTEM32\ntdll.dll
0x00007ff9ce5b0000 - 0x00007ff9ce679000 	C:\WINDOWS\System32\KERNEL32.DLL
0x00007ff9ccab0000 - 0x00007ff9cce9d000 	C:\WINDOWS\System32\KERNELBASE.dll
0x00007ff9cc5c0000 - 0x00007ff9cc70b000 	C:\WINDOWS\System32\ucrtbase.dll
0x00007ff9b1a80000 - 0x00007ff9b1a98000 	C:\Program Files\Android\Android Studio\jbr\bin\jli.dll
0x00007ff9b6b40000 - 0x00007ff9b6b5b000 	C:\Program Files\Android\Android Studio\jbr\bin\VCRUNTIME140.dll
0x00007ff9cd920000 - 0x00007ff9cdaec000 	C:\WINDOWS\System32\USER32.dll
0x00007ff9b0850000 - 0x00007ff9b0aea000 	C:\WINDOWS\WinSxS\amd64_microsoft.windows.common-controls_6595b64144ccf1df_6.0.26100.4484_none_3e0e6d4ce32ef3b3\COMCTL32.dll
0x00007ff9cc4d0000 - 0x00007ff9cc4f7000 	C:\WINDOWS\System32\win32u.dll
0x00007ff9cd340000 - 0x00007ff9cd3e9000 	C:\WINDOWS\System32\msvcrt.dll
0x00007ff9cdd60000 - 0x00007ff9cdd8b000 	C:\WINDOWS\System32\GDI32.dll
0x00007ff9ccf50000 - 0x00007ff9cd087000 	C:\WINDOWS\System32\gdi32full.dll
0x00007ff9ccea0000 - 0x00007ff9ccf43000 	C:\WINDOWS\System32\msvcp_win.dll
0x00007ff9ce890000 - 0x00007ff9ce8bf000 	C:\WINDOWS\System32\IMM32.DLL
0x00007ff9bd070000 - 0x00007ff9bd07c000 	C:\Program Files\Android\Android Studio\jbr\bin\vcruntime140_1.dll
0x00007ff99b3e0000 - 0x00007ff99b46d000 	C:\Program Files\Android\Android Studio\jbr\bin\msvcp140.dll
0x00007ff915f50000 - 0x00007ff916bdb000 	C:\Program Files\Android\Android Studio\jbr\bin\server\jvm.dll
0x00007ff9cd210000 - 0x00007ff9cd2c4000 	C:\WINDOWS\System32\ADVAPI32.dll
0x00007ff9cd870000 - 0x00007ff9cd916000 	C:\WINDOWS\System32\sechost.dll
0x00007ff9cd5a0000 - 0x00007ff9cd6b8000 	C:\WINDOWS\System32\RPCRT4.dll
0x00007ff9ce7f0000 - 0x00007ff9ce864000 	C:\WINDOWS\System32\WS2_32.dll
0x00007ff9cc290000 - 0x00007ff9cc2ee000 	C:\WINDOWS\SYSTEM32\POWRPROF.dll
0x00007ff9c9b40000 - 0x00007ff9c9b75000 	C:\WINDOWS\SYSTEM32\WINMM.dll
0x00007ff9b74d0000 - 0x00007ff9b74db000 	C:\WINDOWS\SYSTEM32\VERSION.dll
0x00007ff9cc270000 - 0x00007ff9cc284000 	C:\WINDOWS\SYSTEM32\UMPDC.dll
0x00007ff9cb110000 - 0x00007ff9cb12b000 	C:\WINDOWS\SYSTEM32\kernel.appcore.dll
0x00007ff9b9d30000 - 0x00007ff9b9d3a000 	C:\Program Files\Android\Android Studio\jbr\bin\jimage.dll
0x00007ff9c98d0000 - 0x00007ff9c9b11000 	C:\WINDOWS\SYSTEM32\DBGHELP.DLL
0x00007ff9cdd90000 - 0x00007ff9ce116000 	C:\WINDOWS\System32\combase.dll
0x00007ff9ce680000 - 0x00007ff9ce760000 	C:\WINDOWS\System32\OLEAUT32.dll
0x00007ff9c9880000 - 0x00007ff9c98c3000 	C:\WINDOWS\SYSTEM32\dbgcore.DLL
0x00007ff9cc710000 - 0x00007ff9cc7a9000 	C:\WINDOWS\System32\bcryptPrimitives.dll
0x00007ff9b6b20000 - 0x00007ff9b6b40000 	C:\Program Files\Android\Android Studio\jbr\bin\java.dll
0x00007ff9b6b00000 - 0x00007ff9b6b18000 	C:\Program Files\Android\Android Studio\jbr\bin\zip.dll
0x00007ff9ce9b0000 - 0x00007ff9cf0fa000 	C:\WINDOWS\System32\SHELL32.dll
0x00007ff9cc7b0000 - 0x00007ff9cc924000 	C:\WINDOWS\System32\wintypes.dll
0x00007ff9ca050000 - 0x00007ff9ca8ab000 	C:\WINDOWS\SYSTEM32\windows.storage.dll
0x00007ff9cd110000 - 0x00007ff9cd205000 	C:\WINDOWS\System32\SHCORE.dll
0x00007ff9cd2d0000 - 0x00007ff9cd33a000 	C:\WINDOWS\System32\shlwapi.dll
0x00007ff9cc350000 - 0x00007ff9cc37f000 	C:\WINDOWS\SYSTEM32\profapi.dll
0x00007ff9b8170000 - 0x00007ff9b8180000 	C:\Program Files\Android\Android Studio\jbr\bin\net.dll
0x00007ff9c53b0000 - 0x00007ff9c54ce000 	C:\WINDOWS\SYSTEM32\WINHTTP.dll
0x00007ff9cb710000 - 0x00007ff9cb77a000 	C:\WINDOWS\system32\mswsock.dll
0x00007ff9b6ae0000 - 0x00007ff9b6af6000 	C:\Program Files\Android\Android Studio\jbr\bin\nio.dll
0x00007ff9b6a60000 - 0x00007ff9b6a69000 	C:\Program Files\Android\Android Studio\jbr\bin\management.dll
0x00007ff9b6a50000 - 0x00007ff9b6a5b000 	C:\Program Files\Android\Android Studio\jbr\bin\management_ext.dll
0x00007ff9ce870000 - 0x00007ff9ce878000 	C:\WINDOWS\System32\PSAPI.DLL

dbghelp: loaded successfully - version: 4.0.5 - missing functions: none
symbol engine: initialized successfully - sym options: 0x614 - pdb path: .;C:\Program Files\Android\Android Studio\jbr\bin;C:\WINDOWS\SYSTEM32;C:\WINDOWS\WinSxS\amd64_microsoft.windows.common-controls_6595b64144ccf1df_6.0.26100.4484_none_3e0e6d4ce32ef3b3;C:\Program Files\Android\Android Studio\jbr\bin\server

VM Arguments:
java_command: org.jetbrains.kotlin.cli.jvm.K2JVMCompiler @C:\Users\Siffat Ahmed\Downloads\KotlinProject\KotlinProject\composeApp\build\20250716_13372960129445988851.compiler.options
java_class_path (initial): C:\Users\Siffat Ahmed\.gradle\caches\modules-2\files-2.1\org.jetbrains.kotlin\kotlin-compiler-embeddable\2.2.0\8cfa2b049a4006d94474296df4abd9b50f288821\kotlin-compiler-embeddable-2.2.0.jar;C:\Users\Siffat Ahmed\.gradle\caches\modules-2\files-2.1\org.jetbrains.kotlin\kotlin-stdlib\2.2.0\fdfc65fbc42fda253a26f61dac3c0aca335fae96\kotlin-stdlib-2.2.0.jar;C:\Users\Siffat Ahmed\.gradle\caches\modules-2\files-2.1\org.jetbrains.kotlin\kotlin-script-runtime\2.2.0\87c92e866fcd68680966a3005a2992e1ab8ec6ad\kotlin-script-runtime-2.2.0.jar;C:\Users\Siffat Ahmed\.gradle\caches\modules-2\files-2.1\org.jetbrains.kotlin\kotlin-reflect\1.6.10\1cbe9c92c12a94eea200d23c2bbaedaf3daf5132\kotlin-reflect-1.6.10.jar;C:\Users\Siffat Ahmed\.gradle\caches\modules-2\files-2.1\org.jetbrains.kotlin\kotlin-daemon-embeddable\2.2.0\58d92195dcdb0e33a63d3ae0eaa7efe42851e735\kotlin-daemon-embeddable-2.2.0.jar;C:\Users\Siffat Ahmed\.gradle\caches\modules-2\files-2.1\org.jetbrains.kotlinx\kotlinx-coroutines-core-jvm\1.8.0\ac1dc37a30a93150b704022f8d895ee1bd3a36b3\kotlinx-coroutines-core-jvm-1.8.0.jar;C:\Users\Siffat Ahmed\.gradle\caches\modules-2\files-2.1\org.jetbrains\annotations\13.0\919f0dfe192fb4e063e7dacadee7f8bb9a2672a9\annotations-13.0.jar
Launcher Type: SUN_STANDARD

[Global flags]
     intx CICompilerCount                          = 4                                         {product} {ergonomic}
     uint ConcGCThreads                            = 3                                         {product} {ergonomic}
     uint G1ConcRefinementThreads                  = 10                                        {product} {ergonomic}
   size_t G1HeapRegionSize                         = 2097152                                   {product} {ergonomic}
    uintx GCDrainStackTargetSize                   = 64                                        {product} {ergonomic}
   size_t InitialHeapSize                          = 264241152                                 {product} {ergonomic}
   size_t MarkStackSize                            = 4194304                                   {product} {ergonomic}
   size_t MaxHeapSize                              = 4211081216                                {product} {ergonomic}
   size_t MaxNewSize                               = 2524971008                                {product} {ergonomic}
   size_t MinHeapDeltaBytes                        = 2097152                                   {product} {ergonomic}
   size_t MinHeapSize                              = 8388608                                   {product} {ergonomic}
    uintx NonNMethodCodeHeapSize                   = 5839372                                {pd product} {ergonomic}
    uintx NonProfiledCodeHeapSize                  = 122909434                              {pd product} {ergonomic}
    uintx ProfiledCodeHeapSize                     = 122909434                              {pd product} {ergonomic}
    uintx ReservedCodeCacheSize                    = 251658240                              {pd product} {ergonomic}
     bool SegmentedCodeCache                       = true                                      {product} {ergonomic}
   size_t SoftMaxHeapSize                          = 4211081216                             {manageable} {ergonomic}
     bool UseCompressedOops                        = true                           {product lp64_product} {ergonomic}
     bool UseG1GC                                  = true                                      {product} {ergonomic}
     bool UseLargePagesIndividualAllocation        = false                                  {pd product} {ergonomic}

Logging:
Log output configuration:
 #0: stdout all=warning uptime,level,tags foldmultilines=false
 #1: stderr all=off uptime,level,tags foldmultilines=false

Environment Variables:
JAVA_HOME=C:\Program Files\Java\jdk-16.0.1
PATH=C:\Program Files\Microsoft\jdk-11.0.16.101-hotspot\bin;C:\Program Files\Common Files\Oracle\Java\javapath;C:\WINDOWS\system32;C:\WINDOWS;C:\WINDOWS\System32\Wbem;C:\WINDOWS\System32\WindowsPowerShell\v1.0\;C:\WINDOWS\System32\OpenSSH\;C:\ProgramData\chocolatey\bin;C:\Program Files\nodejs\;C:\Program Files (x86)\Windows Kits\10\Windows Performance Toolkit\;C:\Program Files\Microsoft SQL Server\150\Tools\Binn\;C:\Program Files\dotnet\;C:\Program Files\Git\cmd;C:\Users\Siffat Ahmed\AppData\Local\Programs\Python\Python312\Scripts\;C:\Users\Siffat Ahmed\AppData\Local\Programs\Python\Python312\;C:\Program Files\MySQL\MySQL Shell 8.0\bin\;C:\Users\Siffat Ahmed\AppData\Local\Microsoft\WindowsApps;C:\Users\Siffat Ahmed\Coding\flutter_windows_3.24.4-stable\flutter\bin;C:\Users\Siffat Ahmed\AppData\Local\Programs\Microsoft VS Code\bin;C:\Program Files\Java\jdk-16.0.1\bin;C:\Users\Siffat Ahmed\AppData\Local\Pub\Cache\bin;C:\Users\Siffat Ahmed\AppData\Roaming\npm;C:\Users\Siffat Ahmed\AppData\Local\Android\Sdk\platform-tools;C:\Program Files\OpenSSL-Win64\bin;C:\Users\Siffat Ahmed\.dotnet\tools;
USERNAME=Siffat Ahmed
OS=Windows_NT
PROCESSOR_IDENTIFIER=Intel64 Family 6 Model 154 Stepping 4, GenuineIntel
TMP=C:\Users\SIFFAT~1\AppData\Local\Temp
TEMP=C:\Users\SIFFAT~1\AppData\Local\Temp




Periodic native trim disabled

JNI global refs:
JNI global refs: 8, weak refs: 0

JNI global refs memory usage: 835, weak refs: 833

Process memory usage:
Resident Set Size: 90432K (0% of 16445084K total physical memory with 1535864K free physical memory)

OOME stack traces (most recent first):
Classloader memory used:
Loader bootstrap                                                                       : 9400K
Loader jdk.internal.loader.ClassLoaders$AppClassLoader                                 : 8535K
Loader java.net.URLClassLoader                                                         : 94856B

---------------  S Y S T E M  ---------------

OS:
 Windows 11 , 64 bit Build 26100 (10.0.26100.4484)
OS uptime: 0 days 19:32 hours
Hyper-V role detected

CPU: total 12 (initial active 12) (6 cores per cpu, 2 threads per core) family 6 model 154 stepping 4 microcode 0x42c, cx8, cmov, fxsr, ht, mmx, 3dnowpref, sse, sse2, sse3, ssse3, sse4.1, sse4.2, popcnt, lzcnt, tsc, tscinvbit, avx, avx2, aes, erms, clmul, bmi1, bmi2, adx, sha, fma, vzeroupper, clflush, clflushopt, clwb, hv, serialize, rdtscp, rdpid, fsrm, f16c, cet_ibt, cet_ss
Processor Information for processor 0
  Max Mhz: 1300, Current Mhz: 1300, Mhz Limit: 1300
Processor Information for processor 1
  Max Mhz: 1300, Current Mhz: 1300, Mhz Limit: 1300
Processor Information for processor 2
  Max Mhz: 1300, Current Mhz: 1300, Mhz Limit: 1300
Processor Information for processor 3
  Max Mhz: 1300, Current Mhz: 1300, Mhz Limit: 1300
Processor Information for processor 4
  Max Mhz: 1300, Current Mhz: 900, Mhz Limit: 897
Processor Information for processor 5
  Max Mhz: 1300, Current Mhz: 900, Mhz Limit: 897
Processor Information for processor 6
  Max Mhz: 1300, Current Mhz: 900, Mhz Limit: 897
Processor Information for processor 7
  Max Mhz: 1300, Current Mhz: 900, Mhz Limit: 897
Processor Information for processor 8
  Max Mhz: 1300, Current Mhz: 900, Mhz Limit: 897
Processor Information for processor 9
  Max Mhz: 1300, Current Mhz: 900, Mhz Limit: 897
Processor Information for processor 10
  Max Mhz: 1300, Current Mhz: 900, Mhz Limit: 897
Processor Information for processor 11
  Max Mhz: 1300, Current Mhz: 900, Mhz Limit: 897

Memory: 4k page, system-wide physical 16059M (1499M free)
TotalPageFile size 24296M (AvailPageFile size 2M)
current process WorkingSet (physical memory assigned to process): 88M, peak: 88M
current process commit charge ("private bytes"): 356M, peak: 357M

vm_info: OpenJDK 64-Bit Server VM (21.0.6+-13391695-b895.109) for windows-amd64 JRE (21.0.6+-13391695-b895.109), built on 2025-04-22T21:19:17Z by "builder" with MS VC++ 16.10 / 16.11 (VS2019)

END.
